#
# There is insufficient memory for the Java Runtime Environment to continue.
# Native memory allocation (mmap) failed to map 132120576 bytes. Error detail: G1 virtual space
# Possible reasons:
#   The system is out of physical RAM or swap space
#   This process is running with CompressedOops enabled, and the Java Heap may be blocking the growth of the native heap
# Possible solutions:
#   Reduce memory load on the system
#   Increase physical memory or swap space
#   Check if swap backing store is full
#   Decrease Java heap size (-Xmx/-Xms)
#   Decrease number of Java threads
#   Decrease Java thread stack sizes (-Xss)
#   Set larger code cache with -XX:ReservedCodeCacheSize=
#   JVM is running with Unscaled Compressed Oops mode in which the Java heap is
#     placed in the first 4GB address space. The Java Heap base address is the
#     maximum limit for the native heap growth. Please use -XX:HeapBaseMinAddress
#     to set the Java Heap base and to place the Java Heap above 4GB virtual address.
# This output file may be truncated or incomplete.
#
#  Out of Memory Error (os_windows.cpp:3703), pid=3008, tid=11396
#
# JRE version:  (23.0.1+11) (build )
# Java VM: Java HotSpot(TM) 64-Bit Server VM (23.0.1+11-39, mixed mode, sharing, tiered, compressed oops, compressed class ptrs, g1 gc, windows-amd64)
# No core dump will be written. Minidumps are not enabled by default on client versions of Windows
#

---------------  S U M M A R Y ------------

Command Line: -Dfile.encoding=UTF-8 --enable-preview --module-path=C:\Users\alexis\Documents\NetBeansProjects\DARS\build\classes IntroUI

Host: Intel(R) Core(TM) i5-8265U CPU @ 1.60GHz, 8 cores, 7G,  Windows 10 , 64 bit Build 19041 (10.0.19041.4957)
Time: Wed Nov 13 20:43:42 2024 Russia TZ 2 Standard Time elapsed time: 0.040139 seconds (0d 0h 0m 0s)

---------------  T H R E A D  ---------------

Current thread (0x000002ad9e96b2d0):  JavaThread "Unknown thread" [_thread_in_vm, id=11396, stack(0x000000d26e300000,0x000000d26e400000) (1024K)]

Stack: [0x000000d26e300000,0x000000d26e400000]
Native frames: (J=compiled Java code, j=interpreted, Vv=VM code, C=native code)
V  [jvm.dll+0x6e08b9]  (no source info available)
V  [jvm.dll+0x87dc83]  (no source info available)
V  [jvm.dll+0x88010e]  (no source info available)
V  [jvm.dll+0x8807e3]  (no source info available)
V  [jvm.dll+0x27aee6]  (no source info available)
V  [jvm.dll+0x6dd1c5]  (no source info available)
V  [jvm.dll+0x6d104a]  (no source info available)
V  [jvm.dll+0x35b3ea]  (no source info available)
V  [jvm.dll+0x3637f6]  (no source info available)
V  [jvm.dll+0x34fd5e]  (no source info available)
V  [jvm.dll+0x34fff8]  (no source info available)
V  [jvm.dll+0x3289cc]  (no source info available)
V  [jvm.dll+0x32966e]  (no source info available)
V  [jvm.dll+0x844355]  (no source info available)
V  [jvm.dll+0x3b9848]  (no source info available)
V  [jvm.dll+0x82d14c]  (no source info available)
V  [jvm.dll+0x454d4e]  (no source info available)
V  [jvm.dll+0x456bd1]  (no source info available)
C  [jli.dll+0x52a3]  (no source info available)
C  [ucrtbase.dll+0x21bb2]  (no source info available)
C  [KERNEL32.DLL+0x17374]  (no source info available)
C  [ntdll.dll+0x4cc91]  (no source info available)

Lock stack of current Java thread (top to bottom):


---------------  P R O C E S S  ---------------

Threads class SMR info:
_java_thread_list=0x00007ffb06a93618, length=0, elements={
}

Java Threads: ( => current thread )
Total: 0

Other Threads:
  0x000002ad9e9c1790 WorkerThread "GC Thread#0"                     [id=16648, stack(0x000000d26e400000,0x000000d26e500000) (1024K)]
  0x000002ad9e9d6ff0 ConcurrentGCThread "G1 Main Marker"            [id=1404, stack(0x000000d26e500000,0x000000d26e600000) (1024K)]
  0x000002ad9e9db640 WorkerThread "G1 Conc#0"                       [id=14508, stack(0x000000d26e600000,0x000000d26e700000) (1024K)]

[error occurred during error reporting (printing all threads), id 0xc0000005, EXCEPTION_ACCESS_VIOLATION (0xc0000005) at pc=0x00007ffb061dbfba]
VM state: not at safepoint (not fully initialized)

VM Mutex/Monitor currently owned by a thread:  ([mutex/lock_event])
[0x00007ffb06b13a10] Heap_lock - owner thread: 0x000002ad9e96b2d0

Heap address: 0x0000000083800000, size: 1992 MB, Compressed Oops mode: 32-bit

CDS archive(s) mapped at: [0x0000000000000000-0x0000000000000000-0x0000000000000000), size 0, SharedBaseAddress: 0x0000000800000000, ArchiveRelocationMode: 1.
Narrow klass base: 0x0000000000000000, Narrow klass shift: 0, Narrow klass range: 0x0

GC Precious Log:
 CardTable entry size: 512
 Card Set container configuration: InlinePtr #cards 5 size 8 Array Of Cards #cards 10 size 36 Howl #buckets 4 coarsen threshold 1843 Howl Bitmap #cards 512 size 80 coarsen threshold 460 Card regions per heap region 1 cards per card region 2048

Heap:
 garbage-first heap   total reserved 2039808K, committed 0K, used 0K [0x0000000083800000, 0x0000000100000000)
  region size 1024K, 0 young (0K), 0 survivors (0K)

[error occurred during error reporting (printing heap information), id 0xc0000005, EXCEPTION_ACCESS_VIOLATION (0xc0000005) at pc=0x00007ffb065dc3c9]
GC Heap History (0 events):
No events

Dll operation events (1 events):
Event: 0.029 Loaded shared library C:\Program Files\Java\jdk-23\bin\java.dll

Deoptimization events (0 events):
No events

Classes loaded (0 events):
No events

Classes unloaded (0 events):
No events

Classes redefined (0 events):
No events

Internal exceptions (0 events):
No events

VM Operations (0 events):
No events

Memory protections (0 events):
No events

Nmethod flushes (0 events):
No events

Events (0 events):
No events


Dynamic libraries:
0x00007ff782c40000 - 0x00007ff782c50000 	C:\Program Files\Java\jdk-23\bin\java.exe
0x00007ffb56fb0000 - 0x00007ffb571a8000 	C:\WINDOWS\SYSTEM32\ntdll.dll
0x00007ffb55b20000 - 0x00007ffb55be2000 	C:\WINDOWS\System32\KERNEL32.DLL
0x00007ffb54650000 - 0x00007ffb5494e000 	C:\WINDOWS\System32\KERNELBASE.dll
0x00007ffb54b40000 - 0x00007ffb54c40000 	C:\WINDOWS\System32\ucrtbase.dll
0x00007ffb4f3c0000 - 0x00007ffb4f3d7000 	C:\Program Files\Java\jdk-23\bin\jli.dll
0x00007ffb551e0000 - 0x00007ffb5537d000 	C:\WINDOWS\System32\USER32.dll
0x00007ffb54fa0000 - 0x00007ffb54fc2000 	C:\WINDOWS\System32\win32u.dll
0x00007ffb558f0000 - 0x00007ffb5591b000 	C:\WINDOWS\System32\GDI32.dll
0x00007ffb377f0000 - 0x00007ffb37a8a000 	C:\WINDOWS\WinSxS\amd64_microsoft.windows.common-controls_6595b64144ccf1df_6.0.19041.4355_none_60b8b9eb71f62e16\COMCTL32.dll
0x00007ffb54980000 - 0x00007ffb54a97000 	C:\WINDOWS\System32\gdi32full.dll
0x00007ffb54aa0000 - 0x00007ffb54b3d000 	C:\WINDOWS\System32\msvcp_win.dll
0x00007ffb554e0000 - 0x00007ffb5557e000 	C:\WINDOWS\System32\msvcrt.dll
0x00007ffb4c470000 - 0x00007ffb4c48b000 	C:\Program Files\Java\jdk-23\bin\VCRUNTIME140.dll
0x00007ffb55100000 - 0x00007ffb5512f000 	C:\WINDOWS\System32\IMM32.DLL
0x0000000062150000 - 0x000000006215c000 	C:\Program Files (x86)\360\Total Security\safemon\SafeWrapper.dll
0x00007ffb55a50000 - 0x00007ffb55b02000 	C:\WINDOWS\System32\ADVAPI32.dll
0x00007ffb55920000 - 0x00007ffb559c0000 	C:\WINDOWS\System32\sechost.dll
0x00007ffb557a0000 - 0x00007ffb558c3000 	C:\WINDOWS\System32\RPCRT4.dll
0x00007ffb54950000 - 0x00007ffb54977000 	C:\WINDOWS\System32\bcrypt.dll
0x00007ffae4b90000 - 0x00007ffae4c3c000 	C:\Program Files (x86)\360\Total Security\safemon\libzdtp64.dll
0x00007ffb56390000 - 0x00007ffb56aff000 	C:\WINDOWS\System32\SHELL32.dll
0x00007ffb55cd0000 - 0x00007ffb55d25000 	C:\WINDOWS\System32\SHLWAPI.dll
0x00007ffb541b0000 - 0x00007ffb541ba000 	C:\WINDOWS\SYSTEM32\VERSION.dll
0x00007ffb514a0000 - 0x00007ffb514ac000 	C:\Program Files\Java\jdk-23\bin\vcruntime140_1.dll
0x00007ffb190e0000 - 0x00007ffb1916e000 	C:\Program Files\Java\jdk-23\bin\msvcp140.dll
0x00007ffb05ea0000 - 0x00007ffb06bef000 	C:\Program Files\Java\jdk-23\bin\server\jvm.dll
0x00007ffb55580000 - 0x00007ffb555eb000 	C:\WINDOWS\System32\WS2_32.dll
0x00007ffb53df0000 - 0x00007ffb53e3b000 	C:\WINDOWS\SYSTEM32\POWRPROF.dll
0x00007ffb3f4f0000 - 0x00007ffb3f517000 	C:\WINDOWS\SYSTEM32\WINMM.dll
0x00007ffb53d70000 - 0x00007ffb53d82000 	C:\WINDOWS\SYSTEM32\UMPDC.dll
0x00007ffb52620000 - 0x00007ffb52632000 	C:\WINDOWS\SYSTEM32\kernel.appcore.dll
0x00007ffb4d410000 - 0x00007ffb4d41a000 	C:\Program Files\Java\jdk-23\bin\jimage.dll
0x00007ffb52200000 - 0x00007ffb523e4000 	C:\WINDOWS\SYSTEM32\DBGHELP.DLL
0x00007ffb2acf0000 - 0x00007ffb2ad24000 	C:\WINDOWS\SYSTEM32\dbgcore.DLL
0x00007ffb54f10000 - 0x00007ffb54f92000 	C:\WINDOWS\System32\bcryptPrimitives.dll
0x00007ffb4bf80000 - 0x00007ffb4bf9e000 	C:\Program Files\Java\jdk-23\bin\java.dll
0x00007ffb56260000 - 0x00007ffb5638b000 	C:\WINDOWS\System32\ole32.dll
0x00007ffb55d30000 - 0x00007ffb56083000 	C:\WINDOWS\System32\combase.dll

dbghelp: loaded successfully - version: 4.0.5 - missing functions: none
symbol engine: initialized successfully - sym options: 0x614 - pdb path: .;C:\Program Files\Java\jdk-23\bin;C:\WINDOWS\SYSTEM32;C:\WINDOWS\WinSxS\amd64_microsoft.windows.common-controls_6595b64144ccf1df_6.0.19041.4355_none_60b8b9eb71f62e16;C:\Program Files (x86)\360\Total Security\safemon;C:\Program Files\Java\jdk-23\bin\server

VM Arguments:
jvm_args: -Dfile.encoding=UTF-8 --enable-preview --module-path=C:\Users\alexis\Documents\NetBeansProjects\DARS\build\classes 
java_command: IntroUI
java_class_path (initial): C:\Users\alexis\Downloads\jcalendar-1.4\lib\jcalendar-1.4.jar;C:\Users\alexis\Documents\NetBeansProjects\DARS\build\classes
Launcher Type: SUN_STANDARD

[Global flags]
     intx CICompilerCount                          = 4                                         {product} {ergonomic}
     uint ConcGCThreads                            = 2                                         {product} {ergonomic}
     uint G1ConcRefinementThreads                  = 8                                         {product} {ergonomic}
   size_t G1HeapRegionSize                         = 1048576                                   {product} {ergonomic}
   size_t InitialHeapSize                          = 132120576                                 {product} {ergonomic}
   size_t MarkStackSize                            = 4194304                                   {product} {ergonomic}
   size_t MarkStackSizeMax                         = 536870912                                 {product} {ergonomic}
   size_t MaxHeapSize                              = 2088763392                                {product} {ergonomic}
   size_t MinHeapDeltaBytes                        = 1048576                                   {product} {ergonomic}
   size_t MinHeapSize                              = 8388608                                   {product} {ergonomic}
    uintx NonNMethodCodeHeapSize                   = 5832704                                {pd product} {ergonomic}
    uintx NonProfiledCodeHeapSize                  = 122945536                              {pd product} {ergonomic}
    uintx ProfiledCodeHeapSize                     = 122880000                              {pd product} {ergonomic}
    uintx ReservedCodeCacheSize                    = 251658240                              {pd product} {ergonomic}
     bool SegmentedCodeCache                       = true                                      {product} {ergonomic}
   size_t SoftMaxHeapSize                          = 2088763392                             {manageable} {ergonomic}
     bool UseCompressedOops                        = true                           {product lp64_product} {ergonomic}
     bool UseG1GC                                  = true                                      {product} {ergonomic}
     bool UseLargePagesIndividualAllocation        = false                                  {pd product} {ergonomic}

Logging:
Log output configuration:
 #0: stdout all=warning uptime,level,tags foldmultilines=false
 #1: stderr all=off uptime,level,tags foldmultilines=false

Environment Variables:
JAVA_HOME=C:\Program Files\Java\jdk-23
PATH=C:\Program Files\Common Files\Oracle\Java\javapath;C:\Program Files (x86)\Intel\Intel(R) Management Engine Components\iCLS\;C:\Program Files\Intel\Intel(R) Management Engine Components\iCLS\;C:\WINDOWS\system32;C:\WINDOWS;C:\WINDOWS\System32\Wbem;C:\WINDOWS\System32\WindowsPowerShell\v1.0\;C:\WINDOWS\System32\OpenSSH\;C:\Program Files (x86)\Intel\Intel(R) Management Engine Components\DAL;C:\Program Files\Intel\Intel(R) Management Engine Components\DAL;C:\Program Files\Intel\WiFi\bin\;C:\Program Files\Common Files\Intel\WirelessCommon\;C:\Program Files\Java\jdk-23\bin;C:\Users\alexis\AppData\Local\Microsoft\WindowsApps;
USERNAME=alexis
OS=Windows_NT
PROCESSOR_IDENTIFIER=Intel64 Family 6 Model 142 Stepping 11, GenuineIntel
TMP=C:\Users\alexis\AppData\Local\Temp
TEMP=C:\Users\alexis\AppData\Local\Temp




Periodic native trim disabled

---------------  S Y S T E M  ---------------

OS:
 Windows 10 , 64 bit Build 19041 (10.0.19041.4957)
OS uptime: 0 days 2:28 hours

CPU: total 8 (initial active 8) (4 cores per cpu, 2 threads per core) family 6 model 142 stepping 11 microcode 0xae, cx8, cmov, fxsr, ht, mmx, 3dnowpref, sse, sse2, sse3, ssse3, sse4.1, sse4.2, popcnt, lzcnt, tsc, tscinvbit, avx, avx2, aes, erms, clmul, bmi1, bmi2, adx, fma, vzeroupper, clflush, clflushopt, rdtscp, f16c
Processor Information for the first 8 processors :
  Max Mhz: 1800, Current Mhz: 1600, Mhz Limit: 1584

Memory: 4k page, system-wide physical 7967M (697M free)
TotalPageFile size 32543M (AvailPageFile size 86M)
current process WorkingSet (physical memory assigned to process): 12M, peak: 12M
current process commit charge ("private bytes"): 61M, peak: 187M

vm_info: Java HotSpot(TM) 64-Bit Server VM (23.0.1+11-39) for windows-amd64 JRE (23.0.1+11-39), built on 2024-09-30T07:20:43Z with MS VC++ 17.6 (VS2022)

END.
