#
# There is insufficient memory for the Java Runtime Environment to continue.
# Native memory allocation (malloc) failed to allocate 32744 bytes. Error detail: Chunk::new
# Possible reasons:
#   The system is out of physical RAM or swap space
#   This process is running with CompressedOops enabled, and the Java Heap may be blocking the growth of the native heap
# Possible solutions:
#   Reduce memory load on the system
#   Increase physical memory or swap space
#   Check if swap backing store is full
#   Decrease Java heap size (-Xmx/-Xms)
#   Decrease number of Java threads
#   Decrease Java thread stack sizes (-Xss)
#   Set larger code cache with -XX:ReservedCodeCacheSize=
#
#  
#
# Intel(R) Core(TM) i5-8265U CPU @ 1.60GHz, 8 cores, 7G,  Windows 10 , 64 bit Build 19041 (10.0.19041.4957)
Time: Sat Nov 16 20:53:19 2024 Malay Peninsula Standard Time elapsed time: 2917.256515 seconds (0d 0h 48m 37s)

---------------  T H R E A D  ---------------

Current thread (0x000001cc5cbb62f0):  JavaThread "C2 CompilerThread0" daemon [_thread_in_native, id=15000, stack(0x000000b285400000,0x000000b285500000) (1024K)]


Current CompileTask:
C2:2917258 3386       4       java.util.concurrent.locks.AbstractQueuedSynchronizer$Node::setStatusRelaxed (12 bytes)

Stack: [0x000000b285400000,0x000000b285500000]
Native frames: (J=compiled Java code, j=interpreted, Vv=VM code, C=native code)
V  [jvm.dll+0x6e08b9]  (no source info available)
V  [jvm.dll+0x87dc83]  (no source info available)
V  [jvm.dll+0x88010e]  (no source info available)
V  [jvm.dll+0x8807e3]  (no source info available)
V  [jvm.dll+0x27aee6]  (no source info available)
V  [jvm.dll+0xbc06f]  (no source info available)
V  [jvm.dll+0xbc2cb]  (no source info available)
V  [jvm.dll+0x2e2242]  (no source info available)
V  [jvm.dll+0x832cc7]  (no source info available)
V  [jvm.dll+0x243f31]  (no source info available)
V  [jvm.dll+0x2433a9]  (no source info available)
V  [jvm.dll+0x1c33a0]  (no source info available)
V  [jvm.dll+0x253cf1]  (no source info available)
V  [jvm.dll+0x251faa]  (no source info available)
V  [jvm.dll+0x3ee036]  (no source info available)
V  [jvm.dll+0x824f8b]  (no source info available)
V  [jvm.dll+0x6df065]  (no source info available)
C  [ucrtbase.dll+0x21bb2]  (no source info available)
C  [KERNEL32.DLL+0x17374]  (no source info available)
C  [ntdll.dll+0x4cc91]  (no source info available)

Lock stack of current Java thread (top to bottom):


---------------  P R O C E S S  ---------------

Threads class SMR info:
_java_thread_list=0x000001cca41002e0, length=16, elements={
0x000001cc5cba4c50, 0x000001cc5cba6380, 0x000001cc5cba8150, 0x000001cc5cbab450,
0x000001cc5cbac0c0, 0x000001cc5cbad550, 0x000001cc5cbb62f0, 0x000001cc5cbbf1e0,
0x000001cc5d32dc40, 0x000001cc5d477860, 0x000001cc5d559310, 0x000001cc5d55d990,
0x000001cc5d55ef60, 0x000001cc5d5bd5b0, 0x000001cc3e362650, 0x000001cca3ebe2f0
}

Java Threads: ( => current thread )
  0x000001cc5cba4c50 JavaThread "Reference Handler"          daemon [_thread_blocked, id=14012, stack(0x000000b284e00000,0x000000b284f00000) (1024K)]
  0x000001cc5cba6380 JavaThread "Finalizer"                  daemon [_thread_blocked, id=10812, stack(0x000000b284f00000,0x000000b285000000) (1024K)]
  0x000001cc5cba8150 JavaThread "Signal Dispatcher"          daemon [_thread_blocked, id=9428, stack(0x000000b285000000,0x000000b285100000) (1024K)]
  0x000001cc5cbab450 JavaThread "Attach Listener"            daemon [_thread_blocked, id=16860, stack(0x000000b285100000,0x000000b285200000) (1024K)]
  0x000001cc5cbac0c0 JavaThread "Service Thread"             daemon [_thread_blocked, id=8580, stack(0x000000b285200000,0x000000b285300000) (1024K)]
  0x000001cc5cbad550 JavaThread "Monitor Deflation Thread"   daemon [_thread_blocked, id=4176, stack(0x000000b285300000,0x000000b285400000) (1024K)]
=>0x000001cc5cbb62f0 JavaThread "C2 CompilerThread0"         daemon [_thread_in_native, id=15000, stack(0x000000b285400000,0x000000b285500000) (1024K)]
  0x000001cc5cbbf1e0 JavaThread "C1 CompilerThread0"         daemon [_thread_blocked, id=17352, stack(0x000000b285500000,0x000000b285600000) (1024K)]
  0x000001cc5d32dc40 JavaThread "Common-Cleaner"             daemon [_thread_blocked, id=7868, stack(0x000000b285600000,0x000000b285700000) (1024K)]
  0x000001cc5d477860 JavaThread "Notification Thread"        daemon [_thread_blocked, id=5488, stack(0x000000b285800000,0x000000b285900000) (1024K)]
  0x000001cc5d559310 JavaThread "Java2D Disposer"            daemon [_thread_blocked, id=14580, stack(0x000000b285900000,0x000000b285a00000) (1024K)]
  0x000001cc5d55d990 JavaThread "AWT-Shutdown"                      [_thread_blocked, id=6656, stack(0x000000b285a00000,0x000000b285b00000) (1024K)]
  0x000001cc5d55ef60 JavaThread "AWT-Windows"                daemon [_thread_in_native, id=6464, stack(0x000000b285b00000,0x000000b285c00000) (1024K)]
  0x000001cc5d5bd5b0 JavaThread "AWT-EventQueue-0"                  [_thread_blocked, id=9500, stack(0x000000b285c00000,0x000000b285d00000) (1024K)]
  0x000001cc3e362650 JavaThread "DestroyJavaVM"                     [_thread_blocked, id=3256, stack(0x000000b284600000,0x000000b284700000) (1024K)]
  0x000001cca3ebe2f0 JavaThread "TimerQueue"                 daemon [_thread_blocked, id=4412, stack(0x000000b286100000,0x000000b286200000) (1024K)]
Total: 16

Other Threads:
  0x000001cc5cb8cda0 VMThread "VM Thread"                           [id=9396, stack(0x000000b284d00000,0x000000b284e00000) (1024K)]
  0x000001cc5cb7a530 WatcherThread "VM Periodic Task Thread"        [id=13900, stack(0x000000b284c00000,0x000000b284d00000) (1024K)]
  0x000001cc406b26b0 WorkerThread "GC Thread#0"                     [id=6604, stack(0x000000b284700000,0x000000b284800000) (1024K)]
  0x000001cca3b6c160 WorkerThread "GC Thread#1"                     [id=3368, stack(0x000000b285d00000,0x000000b285e00000) (1024K)]
  0x000001cca3b6c510 WorkerThread "GC Thread#2"                     [id=13908, stack(0x000000b286200000,0x000000b286300000) (1024K)]
  0x000001cca41efed0 WorkerThread "GC Thread#3"                     [id=15980, stack(0x000000b286300000,0x000000b286400000) (1024K)]
  0x000001cca41f0280 WorkerThread "GC Thread#4"                     [id=12356, stack(0x000000b286400000,0x000000b286500000) (1024K)]
  0x000001cca41f0630 WorkerThread "GC Thread#5"                     [id=2744, stack(0x000000b286500000,0x000000b286600000) (1024K)]
  0x000001cca3a4f940 WorkerThread "GC Thread#6"                     [id=12996, stack(0x000000b286600000,0x000000b286700000) (1024K)]
  0x000001cca608c950 WorkerThread "GC Thread#7"                     [id=4284, stack(0x000000b286700000,0x000000b286800000) (1024K)]
  0x000001cc406c86b0 ConcurrentGCThread "G1 Main Marker"            [id=4944, stack(0x000000b284800000,0x000000b284900000) (1024K)]
  0x000001cc406cad60 WorkerThread "G1 Conc#0"                       [id=12952, stack(0x000000b284900000,0x000000b284a00000) (1024K)]
  0x000001cc5ca4edb0 ConcurrentGCThread "G1 Refine#0"               [id=12348, stack(0x000000b284a00000,0x000000b284b00000) (1024K)]
  0x000001cc5ca4f740 ConcurrentGCThread "G1 Service"                [id=17008, stack(0x000000b284b00000,0x000000b284c00000) (1024K)]
Total: 14

Threads with active compile tasks:
C2 CompilerThread0  2917329 3386       4       java.util.concurrent.locks.AbstractQueuedSynchronizer$Node::setStatusRelaxed (12 bytes)
Total: 1

VM state: not at safepoint (normal execution)

VM Mutex/Monitor currently owned by a thread: None

Heap address: 0x0000000083800000, size: 1992 MB, Compressed Oops mode: 32-bit

CDS archive(s) mapped at: [0x000001cc5e000000-0x000001cc5ed70000-0x000001cc5ed70000), size 14090240, SharedBaseAddress: 0x000001cc5e000000, ArchiveRelocationMode: 1.
Compressed class space mapped at: 0x000001cc5f000000-0x000001cc9f000000, reserved size: 1073741824
Narrow klass base: 0x000001cc5e000000, Narrow klass shift: 0, Narrow klass range: 0x41000000

GC Precious Log:
 CardTable entry size: 512
 Card Set container configuration: InlinePtr #cards 5 size 8 Array Of Cards #cards 10 size 36 Howl #buckets 4 coarsen threshold 1843 Howl Bitmap #cards 512 size 80 coarsen threshold 460 Card regions per heap region 1 cards per card region 2048
 CPUs: 8 total, 8 available
 Memory: 7967M
 Large Page Support: Disabled
 NUMA Support: Disabled
 Compressed Oops: Enabled (32-bit)
 Heap Region Size: 1M
 Heap Min Capacity: 8M
 Heap Initial Capacity: 126M
 Heap Max Capacity: 1992M
 Pre-touch: Disabled
 Parallel Workers: 8
 Concurrent Workers: 2
 Concurrent Refinement Workers: 8
 Periodic GC: Disabled

Heap:
 garbage-first heap   total reserved 2039808K, committed 129024K, used 53400K [0x0000000083800000, 0x0000000100000000)
  region size 1024K, 19 young (19456K), 2 survivors (2048K)
 Metaspace       used 14898K, committed 15168K, reserved 1114112K
  class space    used 1715K, committed 1856K, reserved 1048576K

Heap Regions: E=young(eden), S=young(survivor), O=old, HS=humongous(starts), HC=humongous(continues), CS=collection set, F=free, TAMS=top-at-mark-start, PB=parsable bottom
|   0|0x0000000083800000, 0x0000000083900000, 0x0000000083900000|100%|HS|  |TAMS 0x0000000083800000| PB 0x0000000083800000| Complete |  0
|   1|0x0000000083900000, 0x0000000083a00000, 0x0000000083a00000|100%|HC|  |TAMS 0x0000000083900000| PB 0x0000000083900000| Complete |  0
|   2|0x0000000083a00000, 0x0000000083b00000, 0x0000000083b00000|100%|HC|  |TAMS 0x0000000083a00000| PB 0x0000000083a00000| Complete |  0
|   3|0x0000000083b00000, 0x0000000083c00000, 0x0000000083c00000|100%|HS|  |TAMS 0x0000000083b00000| PB 0x0000000083b00000| Complete |  0
|   4|0x0000000083c00000, 0x0000000083d00000, 0x0000000083d00000|100%|HC|  |TAMS 0x0000000083c00000| PB 0x0000000083c00000| Complete |  0
|   5|0x0000000083d00000, 0x0000000083e00000, 0x0000000083e00000|100%|HC|  |TAMS 0x0000000083d00000| PB 0x0000000083d00000| Complete |  0
|   6|0x0000000083e00000, 0x0000000083f00000, 0x0000000083f00000|100%|HS|  |TAMS 0x0000000083e00000| PB 0x0000000083e00000| Complete |  0
|   7|0x0000000083f00000, 0x0000000084000000, 0x0000000084000000|100%|HC|  |TAMS 0x0000000083f00000| PB 0x0000000083f00000| Complete |  0
|   8|0x0000000084000000, 0x0000000084100000, 0x0000000084100000|100%|HC|  |TAMS 0x0000000084000000| PB 0x0000000084000000| Complete |  0
|   9|0x0000000084100000, 0x0000000084200000, 0x0000000084200000|100%| O|  |TAMS 0x0000000084100000| PB 0x0000000084100000| Untracked |  0
|  10|0x0000000084200000, 0x0000000084300000, 0x0000000084300000|100%| O|  |TAMS 0x0000000084200000| PB 0x0000000084200000| Untracked |  0
|  11|0x0000000084300000, 0x0000000084400000, 0x0000000084400000|100%| O|  |TAMS 0x0000000084300000| PB 0x0000000084300000| Untracked |  0
|  12|0x0000000084400000, 0x0000000084500000, 0x0000000084500000|100%|HS|  |TAMS 0x0000000084400000| PB 0x0000000084400000| Complete |  0
|  13|0x0000000084500000, 0x0000000084600000, 0x0000000084600000|100%|HC|  |TAMS 0x0000000084500000| PB 0x0000000084500000| Complete |  0
|  14|0x0000000084600000, 0x0000000084700000, 0x0000000084700000|100%|HC|  |TAMS 0x0000000084600000| PB 0x0000000084600000| Complete |  0
|  15|0x0000000084700000, 0x0000000084800000, 0x0000000084800000|100%|HC|  |TAMS 0x0000000084700000| PB 0x0000000084700000| Complete |  0
|  16|0x0000000084800000, 0x0000000084900000, 0x0000000084900000|100%|HS|  |TAMS 0x0000000084800000| PB 0x0000000084800000| Complete |  0
|  17|0x0000000084900000, 0x0000000084a00000, 0x0000000084a00000|100%|HC|  |TAMS 0x0000000084900000| PB 0x0000000084900000| Complete |  0
|  18|0x0000000084a00000, 0x0000000084b00000, 0x0000000084b00000|100%|HC|  |TAMS 0x0000000084a00000| PB 0x0000000084a00000| Complete |  0
|  19|0x0000000084b00000, 0x0000000084c00000, 0x0000000084c00000|100%|HC|  |TAMS 0x0000000084b00000| PB 0x0000000084b00000| Complete |  0
|  20|0x0000000084c00000, 0x0000000084d00000, 0x0000000084d00000|100%|HC|  |TAMS 0x0000000084c00000| PB 0x0000000084c00000| Complete |  0
|  21|0x0000000084d00000, 0x0000000084e00000, 0x0000000084e00000|100%|HC|  |TAMS 0x0000000084d00000| PB 0x0000000084d00000| Complete |  0
|  22|0x0000000084e00000, 0x0000000084f00000, 0x0000000084f00000|100%| O|  |TAMS 0x0000000084e00000| PB 0x0000000084e00000| Untracked |  0
|  23|0x0000000084f00000, 0x0000000085000000, 0x0000000085000000|100%| O|  |TAMS 0x0000000084f00000| PB 0x0000000084f00000| Untracked |  0
|  24|0x0000000085000000, 0x00000000850c79f0, 0x0000000085100000| 77%| O|  |TAMS 0x0000000085000000| PB 0x0000000085000000| Untracked |  0
|  25|0x0000000085100000, 0x0000000085200000, 0x0000000085200000|100%|HS|  |TAMS 0x0000000085100000| PB 0x0000000085100000| Complete |  0
|  26|0x0000000085200000, 0x0000000085300000, 0x0000000085300000|100%|HC|  |TAMS 0x0000000085200000| PB 0x0000000085200000| Complete |  0
|  27|0x0000000085300000, 0x0000000085400000, 0x0000000085400000|100%|HC|  |TAMS 0x0000000085300000| PB 0x0000000085300000| Complete |  0
|  28|0x0000000085400000, 0x0000000085500000, 0x0000000085500000|100%|HC|  |TAMS 0x0000000085400000| PB 0x0000000085400000| Complete |  0
|  29|0x0000000085500000, 0x0000000085600000, 0x0000000085600000|100%|HS|  |TAMS 0x0000000085500000| PB 0x0000000085500000| Complete |  0
|  30|0x0000000085600000, 0x0000000085700000, 0x0000000085700000|100%|HC|  |TAMS 0x0000000085600000| PB 0x0000000085600000| Complete |  0
|  31|0x0000000085700000, 0x0000000085800000, 0x0000000085800000|100%|HC|  |TAMS 0x0000000085700000| PB 0x0000000085700000| Complete |  0
|  32|0x0000000085800000, 0x0000000085900000, 0x0000000085900000|100%|HC|  |TAMS 0x0000000085800000| PB 0x0000000085800000| Complete |  0
|  33|0x0000000085900000, 0x0000000085a00000, 0x0000000085a00000|100%|HC|  |TAMS 0x0000000085900000| PB 0x0000000085900000| Complete |  0
|  34|0x0000000085a00000, 0x0000000085b00000, 0x0000000085b00000|100%|HC|  |TAMS 0x0000000085a00000| PB 0x0000000085a00000| Complete |  0
|  35|0x0000000085b00000, 0x0000000085b00000, 0x0000000085c00000|  0%| F|  |TAMS 0x0000000085b00000| PB 0x0000000085b00000| Untracked |  0
|  36|0x0000000085c00000, 0x0000000085c00000, 0x0000000085d00000|  0%| F|  |TAMS 0x0000000085c00000| PB 0x0000000085c00000| Untracked |  0
|  37|0x0000000085d00000, 0x0000000085d00000, 0x0000000085e00000|  0%| F|  |TAMS 0x0000000085d00000| PB 0x0000000085d00000| Untracked |  0
|  38|0x0000000085e00000, 0x0000000085e00000, 0x0000000085f00000|  0%| F|  |TAMS 0x0000000085e00000| PB 0x0000000085e00000| Untracked |  0
|  39|0x0000000085f00000, 0x0000000085f00000, 0x0000000086000000|  0%| F|  |TAMS 0x0000000085f00000| PB 0x0000000085f00000| Untracked |  0
|  40|0x0000000086000000, 0x0000000086000000, 0x0000000086100000|  0%| F|  |TAMS 0x0000000086000000| PB 0x0000000086000000| Untracked |  0
|  41|0x0000000086100000, 0x0000000086100000, 0x0000000086200000|  0%| F|  |TAMS 0x0000000086100000| PB 0x0000000086100000| Untracked |  0
|  42|0x0000000086200000, 0x0000000086200000, 0x0000000086300000|  0%| F|  |TAMS 0x0000000086200000| PB 0x0000000086200000| Untracked |  0
|  43|0x0000000086300000, 0x0000000086300000, 0x0000000086400000|  0%| F|  |TAMS 0x0000000086300000| PB 0x0000000086300000| Untracked |  0
|  44|0x0000000086400000, 0x0000000086400000, 0x0000000086500000|  0%| F|  |TAMS 0x0000000086400000| PB 0x0000000086400000| Untracked |  0
|  45|0x0000000086500000, 0x0000000086500000, 0x0000000086600000|  0%| F|  |TAMS 0x0000000086500000| PB 0x0000000086500000| Untracked |  0
|  46|0x0000000086600000, 0x0000000086600000, 0x0000000086700000|  0%| F|  |TAMS 0x0000000086600000| PB 0x0000000086600000| Untracked |  0
|  47|0x0000000086700000, 0x0000000086700000, 0x0000000086800000|  0%| F|  |TAMS 0x0000000086700000| PB 0x0000000086700000| Untracked |  0
|  48|0x0000000086800000, 0x0000000086800000, 0x0000000086900000|  0%| F|  |TAMS 0x0000000086800000| PB 0x0000000086800000| Untracked |  0
|  49|0x0000000086900000, 0x0000000086900000, 0x0000000086a00000|  0%| F|  |TAMS 0x0000000086900000| PB 0x0000000086900000| Untracked |  0
|  50|0x0000000086a00000, 0x0000000086a00000, 0x0000000086b00000|  0%| F|  |TAMS 0x0000000086a00000| PB 0x0000000086a00000| Untracked |  0
|  51|0x0000000086b00000, 0x0000000086b00000, 0x0000000086c00000|  0%| F|  |TAMS 0x0000000086b00000| PB 0x0000000086b00000| Untracked |  0
|  52|0x0000000086c00000, 0x0000000086c00000, 0x0000000086d00000|  0%| F|  |TAMS 0x0000000086c00000| PB 0x0000000086c00000| Untracked |  0
|  53|0x0000000086d00000, 0x0000000086d00000, 0x0000000086e00000|  0%| F|  |TAMS 0x0000000086d00000| PB 0x0000000086d00000| Untracked |  0
|  54|0x0000000086e00000, 0x0000000086e00000, 0x0000000086f00000|  0%| F|  |TAMS 0x0000000086e00000| PB 0x0000000086e00000| Untracked |  0
|  55|0x0000000086f00000, 0x0000000086f00000, 0x0000000087000000|  0%| F|  |TAMS 0x0000000086f00000| PB 0x0000000086f00000| Untracked |  0
|  56|0x0000000087000000, 0x0000000087000000, 0x0000000087100000|  0%| F|  |TAMS 0x0000000087000000| PB 0x0000000087000000| Untracked |  0
|  57|0x0000000087100000, 0x0000000087100000, 0x0000000087200000|  0%| F|  |TAMS 0x0000000087100000| PB 0x0000000087100000| Untracked |  0
|  58|0x0000000087200000, 0x0000000087200000, 0x0000000087300000|  0%| F|  |TAMS 0x0000000087200000| PB 0x0000000087200000| Untracked |  0
|  59|0x0000000087300000, 0x0000000087300000, 0x0000000087400000|  0%| F|  |TAMS 0x0000000087300000| PB 0x0000000087300000| Untracked |  0
|  60|0x0000000087400000, 0x0000000087400000, 0x0000000087500000|  0%| F|  |TAMS 0x0000000087400000| PB 0x0000000087400000| Untracked |  0
|  61|0x0000000087500000, 0x0000000087500000, 0x0000000087600000|  0%| F|  |TAMS 0x0000000087500000| PB 0x0000000087500000| Untracked |  0
|  62|0x0000000087600000, 0x0000000087600000, 0x0000000087700000|  0%| F|  |TAMS 0x0000000087600000| PB 0x0000000087600000| Untracked |  0
|  63|0x0000000087700000, 0x0000000087700000, 0x0000000087800000|  0%| F|  |TAMS 0x0000000087700000| PB 0x0000000087700000| Untracked |  0
|  64|0x0000000087800000, 0x0000000087800000, 0x0000000087900000|  0%| F|  |TAMS 0x0000000087800000| PB 0x0000000087800000| Untracked |  0
|  65|0x0000000087900000, 0x0000000087900000, 0x0000000087a00000|  0%| F|  |TAMS 0x0000000087900000| PB 0x0000000087900000| Untracked |  0
|  66|0x0000000087a00000, 0x0000000087a00000, 0x0000000087b00000|  0%| F|  |TAMS 0x0000000087a00000| PB 0x0000000087a00000| Untracked |  0
|  67|0x0000000087b00000, 0x0000000087b00000, 0x0000000087c00000|  0%| F|  |TAMS 0x0000000087b00000| PB 0x0000000087b00000| Untracked |  0
|  68|0x0000000087c00000, 0x0000000087c00000, 0x0000000087d00000|  0%| F|  |TAMS 0x0000000087c00000| PB 0x0000000087c00000| Untracked |  0
|  69|0x0000000087d00000, 0x0000000087d00000, 0x0000000087e00000|  0%| F|  |TAMS 0x0000000087d00000| PB 0x0000000087d00000| Untracked |  0
|  70|0x0000000087e00000, 0x0000000087e00000, 0x0000000087f00000|  0%| F|  |TAMS 0x0000000087e00000| PB 0x0000000087e00000| Untracked |  0
|  71|0x0000000087f00000, 0x0000000087f00000, 0x0000000088000000|  0%| F|  |TAMS 0x0000000087f00000| PB 0x0000000087f00000| Untracked |  0
|  72|0x0000000088000000, 0x0000000088000000, 0x0000000088100000|  0%| F|  |TAMS 0x0000000088000000| PB 0x0000000088000000| Untracked |  0
|  73|0x0000000088100000, 0x0000000088100000, 0x0000000088200000|  0%| F|  |TAMS 0x0000000088100000| PB 0x0000000088100000| Untracked |  0
|  74|0x0000000088200000, 0x0000000088200000, 0x0000000088300000|  0%| F|  |TAMS 0x0000000088200000| PB 0x0000000088200000| Untracked |  0
|  75|0x0000000088300000, 0x0000000088300000, 0x0000000088400000|  0%| F|  |TAMS 0x0000000088300000| PB 0x0000000088300000| Untracked |  0
|  76|0x0000000088400000, 0x0000000088400000, 0x0000000088500000|  0%| F|  |TAMS 0x0000000088400000| PB 0x0000000088400000| Untracked |  0
|  77|0x0000000088500000, 0x0000000088500000, 0x0000000088600000|  0%| F|  |TAMS 0x0000000088500000| PB 0x0000000088500000| Untracked |  0
|  78|0x0000000088600000, 0x0000000088600000, 0x0000000088700000|  0%| F|  |TAMS 0x0000000088600000| PB 0x0000000088600000| Untracked |  0
|  79|0x0000000088700000, 0x0000000088700000, 0x0000000088800000|  0%| F|  |TAMS 0x0000000088700000| PB 0x0000000088700000| Untracked |  0
|  80|0x0000000088800000, 0x0000000088800000, 0x0000000088900000|  0%| F|  |TAMS 0x0000000088800000| PB 0x0000000088800000| Untracked |  0
|  81|0x0000000088900000, 0x0000000088900000, 0x0000000088a00000|  0%| F|  |TAMS 0x0000000088900000| PB 0x0000000088900000| Untracked |  0
|  82|0x0000000088a00000, 0x0000000088a00000, 0x0000000088b00000|  0%| F|  |TAMS 0x0000000088a00000| PB 0x0000000088a00000| Untracked |  0
|  83|0x0000000088b00000, 0x0000000088b00000, 0x0000000088c00000|  0%| F|  |TAMS 0x0000000088b00000| PB 0x0000000088b00000| Untracked |  0
|  84|0x0000000088c00000, 0x0000000088c00000, 0x0000000088d00000|  0%| F|  |TAMS 0x0000000088c00000| PB 0x0000000088c00000| Untracked |  0
|  85|0x0000000088d00000, 0x0000000088d00000, 0x0000000088e00000|  0%| F|  |TAMS 0x0000000088d00000| PB 0x0000000088d00000| Untracked |  0
|  86|0x0000000088e00000, 0x0000000088e00000, 0x0000000088f00000|  0%| F|  |TAMS 0x0000000088e00000| PB 0x0000000088e00000| Untracked |  0
|  87|0x0000000088f00000, 0x0000000088f00000, 0x0000000089000000|  0%| F|  |TAMS 0x0000000088f00000| PB 0x0000000088f00000| Untracked |  0
|  88|0x0000000089000000, 0x0000000089000000, 0x0000000089100000|  0%| F|  |TAMS 0x0000000089000000| PB 0x0000000089000000| Untracked |  0
|  89|0x0000000089100000, 0x0000000089100000, 0x0000000089200000|  0%| F|  |TAMS 0x0000000089100000| PB 0x0000000089100000| Untracked |  0
|  90|0x0000000089200000, 0x0000000089200000, 0x0000000089300000|  0%| F|  |TAMS 0x0000000089200000| PB 0x0000000089200000| Untracked |  0
|  91|0x0000000089300000, 0x0000000089300000, 0x0000000089400000|  0%| F|  |TAMS 0x0000000089300000| PB 0x0000000089300000| Untracked |  0
|  92|0x0000000089400000, 0x0000000089400000, 0x0000000089500000|  0%| F|  |TAMS 0x0000000089400000| PB 0x0000000089400000| Untracked |  0
|  93|0x0000000089500000, 0x0000000089500000, 0x0000000089600000|  0%| F|  |TAMS 0x0000000089500000| PB 0x0000000089500000| Untracked |  0
|  94|0x0000000089600000, 0x0000000089600000, 0x0000000089700000|  0%| F|  |TAMS 0x0000000089600000| PB 0x0000000089600000| Untracked |  0
|  95|0x0000000089700000, 0x0000000089700000, 0x0000000089800000|  0%| F|  |TAMS 0x0000000089700000| PB 0x0000000089700000| Untracked |  0
|  96|0x0000000089800000, 0x0000000089800000, 0x0000000089900000|  0%| F|  |TAMS 0x0000000089800000| PB 0x0000000089800000| Untracked |  0
|  97|0x0000000089900000, 0x0000000089900000, 0x0000000089a00000|  0%| F|  |TAMS 0x0000000089900000| PB 0x0000000089900000| Untracked |  0
|  98|0x0000000089a00000, 0x0000000089a00000, 0x0000000089b00000|  0%| F|  |TAMS 0x0000000089a00000| PB 0x0000000089a00000| Untracked |  0
|  99|0x0000000089b00000, 0x0000000089b00000, 0x0000000089c00000|  0%| F|  |TAMS 0x0000000089b00000| PB 0x0000000089b00000| Untracked |  0
| 100|0x0000000089c00000, 0x0000000089c00000, 0x0000000089d00000|  0%| F|  |TAMS 0x0000000089c00000| PB 0x0000000089c00000| Untracked |  0
| 101|0x0000000089d00000, 0x0000000089d00000, 0x0000000089e00000|  0%| F|  |TAMS 0x0000000089d00000| PB 0x0000000089d00000| Untracked |  0
| 102|0x0000000089e00000, 0x0000000089e5e9e0, 0x0000000089f00000| 36%| S|CS|TAMS 0x0000000089e00000| PB 0x0000000089e00000| Complete |  0
| 103|0x0000000089f00000, 0x000000008a000000, 0x000000008a000000|100%| S|CS|TAMS 0x0000000089f00000| PB 0x0000000089f00000| Complete |  0
| 104|0x000000008a000000, 0x000000008a000000, 0x000000008a100000|  0%| F|  |TAMS 0x000000008a000000| PB 0x000000008a000000| Untracked |  0
| 105|0x000000008a100000, 0x000000008a100000, 0x000000008a200000|  0%| F|  |TAMS 0x000000008a100000| PB 0x000000008a100000| Untracked |  0
| 106|0x000000008a200000, 0x000000008a200000, 0x000000008a300000|  0%| F|  |TAMS 0x000000008a200000| PB 0x000000008a200000| Untracked |  0
| 107|0x000000008a300000, 0x000000008a300000, 0x000000008a400000|  0%| F|  |TAMS 0x000000008a300000| PB 0x000000008a300000| Untracked |  0
| 108|0x000000008a400000, 0x000000008a400000, 0x000000008a500000|  0%| F|  |TAMS 0x000000008a400000| PB 0x000000008a400000| Untracked |  0
| 109|0x000000008a500000, 0x000000008a5f9728, 0x000000008a600000| 97%| E|  |TAMS 0x000000008a500000| PB 0x000000008a500000| Complete |  0
| 110|0x000000008a600000, 0x000000008a700000, 0x000000008a700000|100%| E|CS|TAMS 0x000000008a600000| PB 0x000000008a600000| Complete |  0
| 111|0x000000008a700000, 0x000000008a800000, 0x000000008a800000|100%| E|CS|TAMS 0x000000008a700000| PB 0x000000008a700000| Complete |  0
| 112|0x000000008a800000, 0x000000008a900000, 0x000000008a900000|100%| E|CS|TAMS 0x000000008a800000| PB 0x000000008a800000| Complete |  0
| 113|0x000000008a900000, 0x000000008aa00000, 0x000000008aa00000|100%| E|CS|TAMS 0x000000008a900000| PB 0x000000008a900000| Complete |  0
| 114|0x000000008aa00000, 0x000000008ab00000, 0x000000008ab00000|100%| E|CS|TAMS 0x000000008aa00000| PB 0x000000008aa00000| Complete |  0
| 115|0x000000008ab00000, 0x000000008ac00000, 0x000000008ac00000|100%| E|CS|TAMS 0x000000008ab00000| PB 0x000000008ab00000| Complete |  0
| 116|0x000000008ac00000, 0x000000008ad00000, 0x000000008ad00000|100%| E|CS|TAMS 0x000000008ac00000| PB 0x000000008ac00000| Complete |  0
| 117|0x000000008ad00000, 0x000000008ae00000, 0x000000008ae00000|100%| E|CS|TAMS 0x000000008ad00000| PB 0x000000008ad00000| Complete |  0
| 118|0x000000008ae00000, 0x000000008af00000, 0x000000008af00000|100%| E|CS|TAMS 0x000000008ae00000| PB 0x000000008ae00000| Complete |  0
| 119|0x000000008af00000, 0x000000008b000000, 0x000000008b000000|100%| E|CS|TAMS 0x000000008af00000| PB 0x000000008af00000| Complete |  0
| 120|0x000000008b000000, 0x000000008b100000, 0x000000008b100000|100%| E|CS|TAMS 0x000000008b000000| PB 0x000000008b000000| Complete |  0
| 121|0x000000008b100000, 0x000000008b200000, 0x000000008b200000|100%| E|CS|TAMS 0x000000008b100000| PB 0x000000008b100000| Complete |  0
| 122|0x000000008b200000, 0x000000008b300000, 0x000000008b300000|100%| E|CS|TAMS 0x000000008b200000| PB 0x000000008b200000| Complete |  0
| 123|0x000000008b300000, 0x000000008b400000, 0x000000008b400000|100%| E|CS|TAMS 0x000000008b300000| PB 0x000000008b300000| Complete |  0
| 124|0x000000008b400000, 0x000000008b500000, 0x000000008b500000|100%| E|CS|TAMS 0x000000008b400000| PB 0x000000008b400000| Complete |  0
| 125|0x000000008b500000, 0x000000008b600000, 0x000000008b600000|100%| E|CS|TAMS 0x000000008b500000| PB 0x000000008b500000| Complete |  0

Card table byte_map: [0x000001cc584a0000,0x000001cc58890000] _byte_map_base: 0x000001cc58084000

Marking Bits: (CMBitMap*) 0x000001cc406b3ce0
 Bits: [0x000001cc58890000, 0x000001cc5a7b0000)

Polling page: 0x000001cc3fcc0000

Metaspace:

Usage:
  Non-class:     12.87 MB used.
      Class:      1.68 MB used.
       Both:     14.55 MB used.

Virtual space:
  Non-class space:       64.00 MB reserved,      13.00 MB ( 20%) committed,  1 nodes.
      Class space:        1.00 GB reserved,       1.81 MB ( <1%) committed,  1 nodes.
             Both:        1.06 GB reserved,      14.81 MB (  1%) committed. 

Chunk freelists:
   Non-Class:  2.98 MB
       Class:  14.23 MB
        Both:  17.22 MB

MaxMetaspaceSize: unlimited
CompressedClassSpaceSize: 1.00 GB
Initial GC threshold: 21.00 MB
Current GC threshold: 21.00 MB
CDS: on
 - commit_granule_bytes: 65536.
 - commit_granule_words: 8192.
 - virtual_space_node_default_size: 8388608.
 - enlarge_chunks_in_place: 1.
 - use_allocation_guard: 0.


Internal statistics:

num_allocs_failed_limit: 0.
num_arena_births: 176.
num_arena_deaths: 0.
num_vsnodes_births: 2.
num_vsnodes_deaths: 0.
num_space_committed: 237.
num_space_uncommitted: 0.
num_chunks_returned_to_freelist: 0.
num_chunks_taken_from_freelist: 262.
num_chunk_merges: 0.
num_chunk_splits: 147.
num_chunks_enlarged: 64.
num_inconsistent_stats: 0.

CodeHeap 'non-profiled nmethods': size=120064Kb used=1438Kb max_used=1438Kb free=118625Kb
 bounds [0x000001cc50840000, 0x000001cc50ab0000, 0x000001cc57d80000]
CodeHeap 'profiled nmethods': size=120000Kb used=5244Kb max_used=5244Kb free=114755Kb
 bounds [0x000001cc48d80000, 0x000001cc492a0000, 0x000001cc502b0000]
CodeHeap 'non-nmethods': size=5696Kb used=1653Kb max_used=1715Kb free=4042Kb
 bounds [0x000001cc502b0000, 0x000001cc50520000, 0x000001cc50840000]
CodeCache: size=245760Kb, used=8335Kb, max_used=8397Kb, free=237422Kb
 total_blobs=4104, nmethods=3384, adapters=623, full_count=0
Compilation: enabled, stopped_count=0, restarted_count=0

Compilation events (20 events):
Event: 252.812 Thread 0x000001cc5cbbf1e0 nmethod 3376 0x000001cc4929b008 code [0x000001cc4929b140, 0x000001cc4929b360]
Event: 252.812 Thread 0x000001cc5cbbf1e0 3379       3       javax.swing.GroupLayout$BaselineGroup::baselineLayout (265 bytes)
Event: 252.813 Thread 0x000001cc5cbbf1e0 nmethod 3379 0x000001cc4929b388 code [0x000001cc4929b5e0, 0x000001cc4929c978]
Event: 252.813 Thread 0x000001cc5cbbf1e0 3380       3       javax.swing.GroupLayout$SequentialGroup::setValidSizeNotPreferred (371 bytes)
Event: 252.814 Thread 0x000001cc5cbbf1e0 nmethod 3380 0x000001cc4929ca08 code [0x000001cc4929cd00, 0x000001cc4929ecc0]
Event: 252.814 Thread 0x000001cc5cbbf1e0 3378       3       javax.swing.GroupLayout$BaselineGroup::setValidSize (30 bytes)
Event: 252.814 Thread 0x000001cc5cbbf1e0 nmethod 3378 0x000001cc4929ed88 code [0x000001cc4929eee0, 0x000001cc4929f238]
Event: 252.843 Thread 0x000001cc5cbb62f0 nmethod 3377 0x000001cc5099da08 code [0x000001cc5099dc40, 0x000001cc5099f028]
Event: 252.843 Thread 0x000001cc5cbb62f0 3382       4       sun.java2d.pipe.DrawImage::scaleImage (488 bytes)
Event: 252.864 Thread 0x000001cc5cbb62f0 nmethod 3382 0x000001cc5099f108 code [0x000001cc5099f440, 0x000001cc509a0e78]
Event: 252.864 Thread 0x000001cc5cbb62f0 3381       4       sun.java2d.pipe.AAShapePipe$TileState::computeDevBox (43 bytes)
Event: 252.866 Thread 0x000001cc5cbb62f0 nmethod 3381 0x000001cc509a1008 code [0x000001cc509a1100, 0x000001cc509a11f0]
Event: 252.875 Thread 0x000001cca4116c60 nmethod 3375 0x000001cc509a1308 code [0x000001cc509a1540, 0x000001cc509a36c0]
Event: 253.700 Thread 0x000001cca4116c60 3383       4       java.awt.Container::getChildAt (54 bytes)
Event: 253.708 Thread 0x000001cc5cbb62f0 3385   !   4       java.awt.Container::getMouseEventTargetImpl (255 bytes)
Event: 253.714 Thread 0x000001cca4116c60 nmethod 3383 0x000001cc509a3808 code [0x000001cc509a39e0, 0x000001cc509a4718]
Event: 253.715 Thread 0x000001cca4116c60 3384       4       java.awt.Container::getMouseEventTarget (50 bytes)
Event: 253.726 Thread 0x000001cc5cbb62f0 nmethod 3385 0x000001cc509a4808 code [0x000001cc509a4a60, 0x000001cc509a6218]
Event: 253.730 Thread 0x000001cca4116c60 nmethod 3384 0x000001cc509a6288 code [0x000001cc509a64e0, 0x000001cc509a7a78]
Event: 2917.238 Thread 0x000001cc5cbb62f0 3386       4       java.util.concurrent.locks.AbstractQueuedSynchronizer$Node::setStatusRelaxed (12 bytes)

GC Heap History (4 events):
Event: 13.899 GC heap before
{Heap before GC invocations=0 (full 0):
 garbage-first heap   total reserved 2039808K, committed 129024K, used 32768K [0x0000000083800000, 0x0000000100000000)
  region size 1024K, 24 young (24576K), 0 survivors (0K)
 Metaspace       used 12131K, committed 12352K, reserved 1114112K
  class space    used 1380K, committed 1472K, reserved 1048576K
}
Event: 13.906 GC heap after
{Heap after GC invocations=1 (full 0):
 garbage-first heap   total reserved 2039808K, committed 129024K, used 15231K [0x0000000083800000, 0x0000000100000000)
  region size 1024K, 3 young (3072K), 3 survivors (3072K)
 Metaspace       used 12131K, committed 12352K, reserved 1114112K
  class space    used 1380K, committed 1472K, reserved 1048576K
}
Event: 36.837 GC heap before
{Heap before GC invocations=1 (full 0):
 garbage-first heap   total reserved 2039808K, committed 129024K, used 47999K [0x0000000083800000, 0x0000000100000000)
  region size 1024K, 25 young (25600K), 3 survivors (3072K)
 Metaspace       used 14645K, committed 14912K, reserved 1114112K
  class space    used 1715K, committed 1856K, reserved 1048576K
}
Event: 36.840 GC heap after
{Heap after GC invocations=2 (full 0):
 garbage-first heap   total reserved 2039808K, committed 129024K, used 26776K [0x0000000083800000, 0x0000000100000000)
  region size 1024K, 2 young (2048K), 2 survivors (2048K)
 Metaspace       used 14645K, committed 14912K, reserved 1114112K
  class space    used 1715K, committed 1856K, reserved 1048576K
}

Dll operation events (11 events):
Event: 0.010 Loaded shared library C:\Program Files\Java\jdk-23\bin\java.dll
Event: 0.040 Loaded shared library C:\Program Files\Java\jdk-23\bin\jsvml.dll
Event: 0.064 Loaded shared library C:\Program Files\Java\jdk-23\bin\net.dll
Event: 0.066 Loaded shared library C:\Program Files\Java\jdk-23\bin\nio.dll
Event: 0.098 Loaded shared library C:\Program Files\Java\jdk-23\bin\jimage.dll
Event: 0.111 Loaded shared library C:\Program Files\Java\jdk-23\bin\awt.dll
Event: 0.209 Loaded shared library C:\Program Files\Java\jdk-23\bin\freetype.dll
Event: 0.210 Loaded shared library C:\Program Files\Java\jdk-23\bin\fontmanager.dll
Event: 0.356 Loaded shared library C:\Program Files\Java\jdk-23\bin\zip.dll
Event: 0.386 Loaded shared library C:\Program Files\Java\jdk-23\bin\javajpeg.dll
Event: 16.261 Loaded shared library C:\Program Files\Java\jdk-23\bin\verify.dll

Deoptimization events (20 events):
Event: 87.653 Thread 0x000001cc5d5bd5b0 Uncommon trap: trap_request=0xffffffbe fr.pc=0x000001cc5093630c relative=0x0000000000000ecc
Event: 87.653 Thread 0x000001cc5d5bd5b0 Uncommon trap: reason=profile_predicate action=maybe_recompile pc=0x000001cc5093630c method=javax.swing.GroupLayout$Group.calculateSize(II)I @ 71 c2
Event: 87.653 Thread 0x000001cc5d5bd5b0 DEOPT PACKING pc=0x000001cc5093630c sp=0x000000b285cfd6a0
Event: 87.653 Thread 0x000001cc5d5bd5b0 DEOPT UNPACKING pc=0x000001cc50304402 sp=0x000000b285cfd648 mode 2
Event: 87.653 Thread 0x000001cc5d5bd5b0 Uncommon trap: trap_request=0xffffffbe fr.pc=0x000001cc5093630c relative=0x0000000000000ecc
Event: 87.653 Thread 0x000001cc5d5bd5b0 Uncommon trap: reason=profile_predicate action=maybe_recompile pc=0x000001cc5093630c method=javax.swing.GroupLayout$Group.calculateSize(II)I @ 71 c2
Event: 87.653 Thread 0x000001cc5d5bd5b0 DEOPT PACKING pc=0x000001cc5093630c sp=0x000000b285cfd260
Event: 87.653 Thread 0x000001cc5d5bd5b0 DEOPT UNPACKING pc=0x000001cc50304402 sp=0x000000b285cfd208 mode 2
Event: 87.653 Thread 0x000001cc5d5bd5b0 Uncommon trap: trap_request=0xffffffbe fr.pc=0x000001cc5093630c relative=0x0000000000000ecc
Event: 87.653 Thread 0x000001cc5d5bd5b0 Uncommon trap: reason=profile_predicate action=maybe_recompile pc=0x000001cc5093630c method=javax.swing.GroupLayout$Group.calculateSize(II)I @ 71 c2
Event: 87.653 Thread 0x000001cc5d5bd5b0 DEOPT PACKING pc=0x000001cc5093630c sp=0x000000b285cfd8d0
Event: 87.653 Thread 0x000001cc5d5bd5b0 DEOPT UNPACKING pc=0x000001cc50304402 sp=0x000000b285cfd878 mode 2
Event: 88.739 Thread 0x000001cc5d5bd5b0 Uncommon trap: trap_request=0xffffff45 fr.pc=0x000001cc50970cb8 relative=0x0000000000000e58
Event: 88.739 Thread 0x000001cc5d5bd5b0 Uncommon trap: reason=unstable_if action=reinterpret pc=0x000001cc50970cb8 method=java.awt.Container.findComponentAtImpl(IIZ)Ljava/awt/Component; @ 131 c2
Event: 88.739 Thread 0x000001cc5d5bd5b0 DEOPT PACKING pc=0x000001cc50970cb8 sp=0x000000b285cfed20
Event: 88.739 Thread 0x000001cc5d5bd5b0 DEOPT UNPACKING pc=0x000001cc50304402 sp=0x000000b285cfecd0 mode 2
Event: 252.760 Thread 0x000001cc5d5bd5b0 Uncommon trap: trap_request=0xffffffde fr.pc=0x000001cc5096c4b8 relative=0x0000000000000a58
Event: 252.760 Thread 0x000001cc5d5bd5b0 Uncommon trap: reason=class_check action=maybe_recompile pc=0x000001cc5096c4b8 method=javax.swing.UIDefaults.getFromHashtable(Ljava/lang/Object;)Ljava/lang/Object; @ 92 c2
Event: 252.760 Thread 0x000001cc5d5bd5b0 DEOPT PACKING pc=0x000001cc5096c4b8 sp=0x000000b285cfd9d0
Event: 252.760 Thread 0x000001cc5d5bd5b0 DEOPT UNPACKING pc=0x000001cc50304402 sp=0x000000b285cfd950 mode 2

Classes loaded (20 events):
Event: 19.153 Loading class com/sun/java/swing/plaf/windows/WindowsPopupWindow
Event: 19.153 Loading class com/sun/java/swing/plaf/windows/WindowsPopupWindow done
Event: 19.164 Loading class sun/awt/UngrabEvent
Event: 19.164 Loading class sun/awt/UngrabEvent done
Event: 19.193 Loading class java/awt/geom/Path2D$Float$CopyIterator
Event: 19.193 Loading class java/awt/geom/Path2D$Float$CopyIterator done
Event: 19.193 Loading class sun/awt/geom/Curve
Event: 19.194 Loading class sun/awt/geom/Curve done
Event: 19.199 Loading class javax/swing/event/AncestorEvent
Event: 19.200 Loading class javax/swing/event/AncestorEvent done
Event: 19.726 Loading class javax/swing/Popup$DefaultFrame
Event: 19.726 Loading class javax/swing/Popup$DefaultFrame done
Event: 19.726 Loading class javax/swing/PopupFactory$HeavyWeightPopup$1
Event: 19.726 Loading class javax/swing/PopupFactory$HeavyWeightPopup$1 done
Event: 19.727 Loading class javax/swing/plaf/basic/BasicPopupMenuUI$MouseGrabber$2
Event: 19.727 Loading class javax/swing/plaf/basic/BasicPopupMenuUI$MouseGrabber$2 done
Event: 19.733 Loading class java/awt/KeyboardFocusManager$4
Event: 19.734 Loading class java/awt/KeyboardFocusManager$4 done
Event: 22.957 Loading class javax/swing/plaf/basic/BasicButtonListener$Actions
Event: 22.957 Loading class javax/swing/plaf/basic/BasicButtonListener$Actions done

Classes unloaded (0 events):
No events

Classes redefined (0 events):
No events

Internal exceptions (20 events):
Event: 0.243 Thread 0x000001cc3e362650 Exception <a 'java/lang/ClassNotFoundException'{0x000000008b064880}: TreeCell> (0x000000008b064880) 
thrown [s\open\src\hotspot\share\classfile\systemDictionary.cpp, line 313]
Event: 0.243 Thread 0x000001cc3e362650 Exception <a 'java/lang/ClassNotFoundException'{0x000000008b065038}: RootPane> (0x000000008b065038) 
thrown [s\open\src\hotspot\share\classfile\systemDictionary.cpp, line 313]
Event: 0.245 Thread 0x000001cc3e362650 Exception <a 'java/lang/ClassNotFoundException'{0x000000008b067e98}: com/sun/swing/internal/plaf/metal/resources/spi/metalProvider> (0x000000008b067e98) 
thrown [s\open\src\hotspot\share\classfile\systemDictionary.cpp, line 313]
Event: 0.245 Thread 0x000001cc3e362650 Exception <a 'java/lang/ClassNotFoundException'{0x000000008b06bbf8}: com/sun/swing/internal/plaf/basic/resources/spi/basicProvider> (0x000000008b06bbf8) 
thrown [s\open\src\hotspot\share\classfile\systemDictionary.cpp, line 313]
Event: 0.264 Thread 0x000001cc5d5bd5b0 Exception <a 'java/lang/ClassNotFoundException'{0x000000008af85168}: com/sun/swing/internal/plaf/synth/resources/spi/synthProvider> (0x000000008af85168) 
thrown [s\open\src\hotspot\share\classfile\systemDictionary.cpp, line 313]
Event: 0.278 Thread 0x000001cc5d5bd5b0 Exception <a 'java/lang/NoSuchMethodError'{0x000000008afc8be0}: 'int java.lang.invoke.Invokers$Holder.invokeExact_MT(java.lang.Object, java.lang.Object)'> (0x000000008afc8be0) 
thrown [s\open\src\hotspot\share\interpreter\linkResolver.cpp, line 796]
Event: 0.280 Thread 0x000001cc5d5bd5b0 Implicit null exception at 0x000001cc5084e320 to 0x000001cc5084e3a2
Event: 0.284 Thread 0x000001cc5d5bd5b0 Exception <a 'java/lang/NoSuchMethodError'{0x000000008afd3ba0}: 'java.lang.Object java.lang.invoke.DirectMethodHandle$Holder.newInvokeSpecial(java.lang.Object, java.lang.Object, int)'> (0x000000008afd3ba0) 
thrown [s\open\src\hotspot\share\interpreter\linkResolver.cpp, line 796]
Event: 0.285 Thread 0x000001cc5d5bd5b0 Exception <a 'java/lang/NoSuchMethodError'{0x000000008afe7ed8}: 'java.lang.Object java.lang.invoke.DirectMethodHandle$Holder.invokeStatic(java.lang.Object, java.lang.Object, java.lang.Object, java.lang.Object, int)'> (0x000000008afe7ed8) 
thrown [s\open\src\hotspot\share\interpreter\linkResolver.cpp, line 796]
Event: 0.286 Thread 0x000001cc5d5bd5b0 Exception <a 'java/lang/NoSuchMethodError'{0x000000008aff38d0}: 'int java.lang.invoke.DirectMethodHandle$Holder.invokeSpecial(java.lang.Object, java.lang.Object, java.lang.Object)'> (0x000000008aff38d0) 
thrown [s\open\src\hotspot\share\interpreter\linkResolver.cpp, line 796]
Event: 0.388 Thread 0x000001cca3b531b0 Exception <a 'java/lang/NoSuchMethodError'{0x000000008ac20ed8}: 'java.lang.Object java.lang.invoke.DirectMethodHandle$Holder.newInvokeSpecial(java.lang.Object, java.lang.Object, java.lang.Object, int, int, int, int, int)'> (0x000000008ac20ed8) 
thrown [s\open\src\hotspot\share\interpreter\linkResolver.cpp, line 796]
Event: 0.399 Thread 0x000001cc5d55ef60 Exception <a 'java/lang/NoSuchMethodError'{0x000000008ab7f910}: 'void java.lang.invoke.DirectMethodHandle$Holder.invokeVirtual(java.lang.Object, java.lang.Object)'> (0x000000008ab7f910) 
thrown [s\open\src\hotspot\share\interpreter\linkResolver.cpp, line 796]
Event: 0.412 Thread 0x000001cc5d5bd5b0 Exception <a 'java/lang/NoSuchMethodError'{0x000000008aa09e58}: 'void java.lang.invoke.DirectMethodHandle$Holder.invokeStaticInit(java.lang.Object)'> (0x000000008aa09e58) 
thrown [s\open\src\hotspot\share\interpreter\linkResolver.cpp, line 796]
Event: 2.222 Thread 0x000001cc5d5bd5b0 Implicit null exception at 0x000001cc508aace8 to 0x000001cc508ab3c8
Event: 2.245 Thread 0x000001cc5d5bd5b0 Implicit null exception at 0x000001cc508abdd4 to 0x000001cc508ac3c4
Event: 2.246 Thread 0x000001cc5d5bd5b0 Implicit null exception at 0x000001cc508aace8 to 0x000001cc508ab3c8
Event: 2.246 Thread 0x000001cc5d5bd5b0 Implicit null exception at 0x000001cc508abdd4 to 0x000001cc508ac3c4
Event: 2.246 Thread 0x000001cc5d5bd5b0 Implicit null exception at 0x000001cc508aace8 to 0x000001cc508ab3c8
Event: 9.680 Thread 0x000001cc5d5bd5b0 Exception <a 'java/lang/NoSuchMethodError'{0x000000008a15a058}: 'void java.lang.invoke.DirectMethodHandle$Holder.invokeStatic(java.lang.Object, java.lang.Object)'> (0x000000008a15a058) 
thrown [s\open\src\hotspot\share\interpreter\linkResolver.cpp, line 796]
Event: 9.697 Thread 0x000001cc5d5bd5b0 Exception <a 'java/lang/NoSuchMethodError'{0x000000008a16db60}: 'int java.lang.invoke.DirectMethodHandle$Holder.invokeStatic(java.lang.Object)'> (0x000000008a16db60) 
thrown [s\open\src\hotspot\share\interpreter\linkResolver.cpp, line 796]

VM Operations (20 events):
Event: 16.301 Executing VM operation: HandshakeAllThreads (Deoptimize)
Event: 16.301 Executing VM operation: HandshakeAllThreads (Deoptimize) done
Event: 16.301 Executing VM operation: HandshakeAllThreads (Deoptimize)
Event: 16.301 Executing VM operation: HandshakeAllThreads (Deoptimize) done
Event: 19.120 Executing VM operation: HandshakeAllThreads (Deoptimize)
Event: 19.120 Executing VM operation: HandshakeAllThreads (Deoptimize) done
Event: 36.837 Executing VM operation: G1CollectForAllocation (G1 Evacuation Pause)
Event: 36.840 Executing VM operation: G1CollectForAllocation (G1 Evacuation Pause) done
Event: 60.219 Executing VM operation: HandshakeAllThreads (HandshakeForDeflation)
Event: 60.219 Executing VM operation: HandshakeAllThreads (HandshakeForDeflation) done
Event: 60.219 Executing VM operation: RendezvousGCThreads
Event: 60.219 Executing VM operation: RendezvousGCThreads done
Event: 120.301 Executing VM operation: HandshakeAllThreads (HandshakeForDeflation)
Event: 120.301 Executing VM operation: HandshakeAllThreads (HandshakeForDeflation) done
Event: 120.301 Executing VM operation: RendezvousGCThreads
Event: 120.301 Executing VM operation: RendezvousGCThreads done
Event: 300.543 Executing VM operation: HandshakeAllThreads (HandshakeForDeflation)
Event: 300.543 Executing VM operation: HandshakeAllThreads (HandshakeForDeflation) done
Event: 300.543 Executing VM operation: RendezvousGCThreads
Event: 300.543 Executing VM operation: RendezvousGCThreads done

Memory protections (0 events):
No events

Nmethod flushes (0 events):
No events

Events (20 events):
Event: 0.155 Thread 0x000001cc3e362650 Thread added: 0x000001cc5d559310
Event: 0.156 Thread 0x000001cc3e362650 Thread added: 0x000001cc5d55d990
Event: 0.157 Thread 0x000001cc3e362650 Thread added: 0x000001cc5d55ef60
Event: 0.254 Thread 0x000001cc3e362650 Thread added: 0x000001cc5d5bd5b0
Event: 0.254 Thread 0x000001cc3e362650 Thread exited: 0x000001cc3e362650
Event: 0.254 Thread 0x000001cc3e362650 Thread added: 0x000001cc3e362650
Event: 0.340 Thread 0x000001cc5d5bd5b0 Thread added: 0x000001cca3b531b0
Event: 0.587 Thread 0x000001cc5d5bd5b0 Thread added: 0x000001cca3ebe2f0
Event: 1.102 Thread 0x000001cc5d3601d0 Thread exited: 0x000001cc5d3601d0
Event: 7.171 Thread 0x000001cca3b531b0 Thread exited: 0x000001cca3b531b0
Event: 15.061 Thread 0x000001cc5cbbf1e0 Thread added: 0x000001cca4116c60
Event: 16.258 Thread 0x000001cca4116c60 Thread exited: 0x000001cca4116c60
Event: 16.281 Thread 0x000001cc5cbbf1e0 Thread added: 0x000001cca4117330
Event: 16.358 Thread 0x000001cc5d5bd5b0 Thread added: 0x000001cca58e5ec0
Event: 19.116 Thread 0x000001cca4117330 Thread exited: 0x000001cca4117330
Event: 19.192 Thread 0x000001cc5cbbf1e0 Thread added: 0x000001cca4115ec0
Event: 19.721 Thread 0x000001cca4115ec0 Thread exited: 0x000001cca4115ec0
Event: 21.367 Thread 0x000001cca58e5ec0 Thread exited: 0x000001cca58e5ec0
Event: 252.747 Thread 0x000001cc5cbbf1e0 Thread added: 0x000001cca4116c60
Event: 258.731 Thread 0x000001cca4116c60 Thread exited: 0x000001cca4116c60


Dynamic libraries:
0x00007ff608830000 - 0x00007ff608840000 	C:\Program Files\Java\jdk-23\bin\java.exe
0x00007ffd41ad0000 - 0x00007ffd41cc8000 	C:\WINDOWS\SYSTEM32\ntdll.dll
0x00007ffd3fcd0000 - 0x00007ffd3fd92000 	C:\WINDOWS\System32\KERNEL32.DLL
0x00007ffd3f640000 - 0x00007ffd3f93e000 	C:\WINDOWS\System32\KERNELBASE.dll
0x00007ffd3f9f0000 - 0x00007ffd3faf0000 	C:\WINDOWS\System32\ucrtbase.dll
0x00007ffd364a0000 - 0x00007ffd364bb000 	C:\Program Files\Java\jdk-23\bin\VCRUNTIME140.dll
0x00007ffd3bae0000 - 0x00007ffd3baf7000 	C:\Program Files\Java\jdk-23\bin\jli.dll
0x00007ffd411e0000 - 0x00007ffd4137d000 	C:\WINDOWS\System32\USER32.dll
0x00007ffd3f940000 - 0x00007ffd3f962000 	C:\WINDOWS\System32\win32u.dll
0x00007ffd41380000 - 0x00007ffd413ab000 	C:\WINDOWS\System32\GDI32.dll
0x00007ffd26da0000 - 0x00007ffd2703a000 	C:\WINDOWS\WinSxS\amd64_microsoft.windows.common-controls_6595b64144ccf1df_6.0.19041.4355_none_60b8b9eb71f62e16\COMCTL32.dll
0x00007ffd3f470000 - 0x00007ffd3f587000 	C:\WINDOWS\System32\gdi32full.dll
0x00007ffd3fda0000 - 0x00007ffd3fe3e000 	C:\WINDOWS\System32\msvcrt.dll
0x00007ffd3f360000 - 0x00007ffd3f3fd000 	C:\WINDOWS\System32\msvcp_win.dll
0x00007ffd3faf0000 - 0x00007ffd3fb1f000 	C:\WINDOWS\System32\IMM32.DLL
0x0000000064e60000 - 0x0000000064e6c000 	C:\Program Files (x86)\360\Total Security\safemon\SafeWrapper.dll
0x00007ffd41040000 - 0x00007ffd410f2000 	C:\WINDOWS\System32\ADVAPI32.dll
0x00007ffd40840000 - 0x00007ffd408e0000 	C:\WINDOWS\System32\sechost.dll
0x00007ffd41790000 - 0x00007ffd418b3000 	C:\WINDOWS\System32\RPCRT4.dll
0x00007ffd3f9c0000 - 0x00007ffd3f9e7000 	C:\WINDOWS\System32\bcrypt.dll
0x00007ffcee630000 - 0x00007ffcee6dc000 	C:\Program Files (x86)\360\Total Security\safemon\libzdtp64.dll
0x00007ffd3ffe0000 - 0x00007ffd4074f000 	C:\WINDOWS\System32\SHELL32.dll
0x00007ffd41730000 - 0x00007ffd41785000 	C:\WINDOWS\System32\SHLWAPI.dll
0x00007ffd3ecd0000 - 0x00007ffd3ecda000 	C:\WINDOWS\SYSTEM32\VERSION.dll
0x00007ffcedda0000 - 0x00007ffceddac000 	C:\Program Files\Java\jdk-23\bin\vcruntime140_1.dll
0x00007ffcedc80000 - 0x00007ffcedd0e000 	C:\Program Files\Java\jdk-23\bin\msvcp140.dll
0x00007ffceb9e0000 - 0x00007ffcec72f000 	C:\Program Files\Java\jdk-23\bin\server\jvm.dll
0x00007ffd3ff70000 - 0x00007ffd3ffdb000 	C:\WINDOWS\System32\WS2_32.dll
0x00007ffd3ea30000 - 0x00007ffd3ea7b000 	C:\WINDOWS\SYSTEM32\POWRPROF.dll
0x00007ffd34100000 - 0x00007ffd34127000 	C:\WINDOWS\SYSTEM32\WINMM.dll
0x00007ffd3e8f0000 - 0x00007ffd3e902000 	C:\WINDOWS\SYSTEM32\UMPDC.dll
0x00007ffd3d140000 - 0x00007ffd3d152000 	C:\WINDOWS\SYSTEM32\kernel.appcore.dll
0x00007ffcedd30000 - 0x00007ffcedd3a000 	C:\Program Files\Java\jdk-23\bin\jimage.dll
0x00007ffd3cce0000 - 0x00007ffd3cec4000 	C:\WINDOWS\SYSTEM32\DBGHELP.DLL
0x00007ffd15fa0000 - 0x00007ffd15fd4000 	C:\WINDOWS\SYSTEM32\dbgcore.DLL
0x00007ffd3f170000 - 0x00007ffd3f1f2000 	C:\WINDOWS\System32\bcryptPrimitives.dll
0x00007ffcedd40000 - 0x00007ffcedd5e000 	C:\Program Files\Java\jdk-23\bin\java.dll
0x00007ffd3fe40000 - 0x00007ffd3ff6b000 	C:\WINDOWS\System32\ole32.dll
0x00007ffd413d0000 - 0x00007ffd41723000 	C:\WINDOWS\System32\combase.dll
0x00007ffd3d180000 - 0x00007ffd3d924000 	C:\WINDOWS\SYSTEM32\windows.storage.dll
0x00007ffd3eb30000 - 0x00007ffd3eb5e000 	C:\WINDOWS\SYSTEM32\Wldp.dll
0x00007ffd40770000 - 0x00007ffd4083d000 	C:\WINDOWS\System32\OLEAUT32.dll
0x00007ffd418c0000 - 0x00007ffd4196d000 	C:\WINDOWS\System32\SHCORE.dll
0x00007ffd3f0a0000 - 0x00007ffd3f0c4000 	C:\WINDOWS\SYSTEM32\profapi.dll
0x00007ffcedb70000 - 0x00007ffcedc47000 	C:\Program Files\Java\jdk-23\bin\jsvml.dll
0x00007ffcedb60000 - 0x00007ffcedb70000 	C:\Program Files\Java\jdk-23\bin\net.dll
0x00007ffd3e820000 - 0x00007ffd3e88a000 	C:\WINDOWS\system32\mswsock.dll
0x00007ffcedb40000 - 0x00007ffcedb56000 	C:\Program Files\Java\jdk-23\bin\nio.dll
0x00007ffced990000 - 0x00007ffcedb1e000 	C:\Program Files\Java\jdk-23\bin\awt.dll
0x00007ffd3bce0000 - 0x00007ffd3bd74000 	C:\WINDOWS\SYSTEM32\apphelp.dll
0x00007ffd3c6c0000 - 0x00007ffd3c75e000 	C:\WINDOWS\system32\uxtheme.dll
0x00007ffd41970000 - 0x00007ffd41a85000 	C:\WINDOWS\System32\MSCTF.dll
0x00007ffd3c7f0000 - 0x00007ffd3c81f000 	C:\WINDOWS\system32\DWMAPI.DLL
0x00007ffced900000 - 0x00007ffced987000 	C:\Program Files\Java\jdk-23\bin\freetype.dll
0x00007ffced820000 - 0x00007ffced8f7000 	C:\Program Files\Java\jdk-23\bin\fontmanager.dll
0x00007ffd0d7d0000 - 0x00007ffd0d8f8000 	C:\WINDOWS\system32\opengl32.dll
0x00007ffd25020000 - 0x00007ffd2504c000 	C:\WINDOWS\SYSTEM32\GLU32.dll
0x00007ffcedb20000 - 0x00007ffcedb37000 	C:\Program Files\Java\jdk-23\bin\zip.dll
0x00007ffcece10000 - 0x00007ffcece3e000 	C:\Program Files\Java\jdk-23\bin\javajpeg.dll
0x00007ffd3fc20000 - 0x00007ffd3fcc9000 	C:\WINDOWS\System32\clbcatq.dll
0x00007ffd3c4d0000 - 0x00007ffd3c686000 	C:\WINDOWS\SYSTEM32\WindowsCodecs.dll
0x00007ffd1e760000 - 0x00007ffd1e79e000 	C:\WINDOWS\system32\dataexchange.dll
0x00007ffd3b090000 - 0x00007ffd3b274000 	C:\WINDOWS\system32\dcomp.dll
0x00007ffd3a2a0000 - 0x00007ffd3a503000 	C:\WINDOWS\system32\d3d11.dll
0x00007ffd3d990000 - 0x00007ffd3da86000 	C:\WINDOWS\system32\dxgi.dll
0x00007ffd38bd0000 - 0x00007ffd38dd3000 	C:\WINDOWS\system32\twinapi.appcore.dll
0x00007ffd2cd00000 - 0x00007ffd2cdf9000 	C:\WINDOWS\SYSTEM32\textinputframework.dll
0x00007ffd3b5e0000 - 0x00007ffd3b6d2000 	C:\WINDOWS\System32\CoreMessaging.dll
0x00007ffd3b280000 - 0x00007ffd3b5db000 	C:\WINDOWS\System32\CoreUIComponents.dll
0x00007ffd3e390000 - 0x00007ffd3e3c3000 	C:\WINDOWS\SYSTEM32\ntmarta.dll
0x00007ffd3a970000 - 0x00007ffd3aac7000 	C:\WINDOWS\SYSTEM32\wintypes.dll
0x00007ffd27910000 - 0x00007ffd27976000 	C:\WINDOWS\system32\Oleacc.dll
0x00007ffd258d0000 - 0x00007ffd25bc5000 	C:\Windows\System32\uiautomationcore.dll
0x00007ffd3c1f0000 - 0x00007ffd3c2e6000 	C:\Windows\System32\PROPSYS.dll
0x00007ffd3eaa0000 - 0x00007ffd3eaac000 	C:\WINDOWS\SYSTEM32\CRYPTBASE.DLL
0x00007ffd38ed0000 - 0x00007ffd38f3a000 	C:\WINDOWS\system32\Ninput.dll
0x00007ffd3f970000 - 0x00007ffd3f9be000 	C:\WINDOWS\System32\CFGMGR32.dll
0x00007ffd16220000 - 0x00007ffd16244000 	C:\WINDOWS\SYSTEM32\edputil.dll
0x00007ffd171c0000 - 0x00007ffd17306000 	C:\Windows\System32\Windows.StateRepositoryPS.dll
0x00007ffd2c9b0000 - 0x00007ffd2cb9c000 	C:\WINDOWS\SYSTEM32\urlmon.dll
0x00007ffd2b630000 - 0x00007ffd2b8ee000 	C:\WINDOWS\SYSTEM32\iertutil.dll
0x00007ffd2b600000 - 0x00007ffd2b628000 	C:\WINDOWS\SYSTEM32\srvcli.dll
0x00007ffd3e610000 - 0x00007ffd3e61c000 	C:\WINDOWS\SYSTEM32\netutils.dll
0x00007ffd3f020000 - 0x00007ffd3f052000 	C:\WINDOWS\SYSTEM32\SspiCli.dll
0x00007ffd1cf30000 - 0x00007ffd1cf43000 	C:\WINDOWS\SYSTEM32\virtdisk.dll
0x00007ffd3ecc0000 - 0x00007ffd3eccb000 	C:\WINDOWS\SYSTEM32\FLTLIB.DLL
0x00007ffd123a0000 - 0x00007ffd12434000 	C:\Windows\System32\appresolver.dll
0x00007ffd3dc10000 - 0x00007ffd3dc39000 	C:\Windows\System32\SLC.dll
0x00007ffd343d0000 - 0x00007ffd3442b000 	C:\Windows\System32\Bcp47Langs.dll
0x00007ffd3f060000 - 0x00007ffd3f08e000 	C:\Windows\System32\USERENV.dll
0x00007ffd3dbe0000 - 0x00007ffd3dc05000 	C:\Windows\System32\sppc.dll
0x00007ffd25f30000 - 0x00007ffd25faf000 	C:\Windows\System32\OneCoreCommonProxyStub.dll
0x00007ffd37090000 - 0x00007ffd37864000 	C:\Windows\System32\OneCoreUAPCommonProxyStub.dll
0x00007ffd13580000 - 0x00007ffd1359d000 	C:\WINDOWS\SYSTEM32\MPR.dll
0x00007ffd2d240000 - 0x00007ffd2d260000 	C:\WINDOWS\SYSTEM32\pcacli.dll
0x00007ffd0eb10000 - 0x00007ffd0eb22000 	C:\WINDOWS\System32\sfc_os.dll
0x00007ffd409c0000 - 0x00007ffd40e2e000 	C:\WINDOWS\System32\SETUPAPI.dll
0x00007ffcedd20000 - 0x00007ffcedd30000 	C:\Program Files\Java\jdk-23\bin\verify.dll

dbghelp: loaded successfully - version: 4.0.5 - missing functions: none
symbol engine: initialized successfully - sym options: 0x614 - pdb path: .;C:\Program Files\Java\jdk-23\bin;C:\WINDOWS\SYSTEM32;C:\WINDOWS\WinSxS\amd64_microsoft.windows.common-controls_6595b64144ccf1df_6.0.19041.4355_none_60b8b9eb71f62e16;C:\Program Files (x86)\360\Total Security\safemon;C:\Program Files\Java\jdk-23\bin\server

VM Arguments:
jvm_args: -Dfile.encoding=UTF-8 --enable-preview --module-path=C:\Users\alexis\Documents\NetBeansProjects\DARS\build\classes 
java_command: IntroUI
java_class_path (initial): C:\Users\alexis\Downloads\jcalendar-1.4\lib\jcalendar-1.4.jar;C:\Users\alexis\Documents\NetBeansProjects\DARS\build\classes
Launcher Type: SUN_STANDARD

[Global flags]
     intx CICompilerCount                          = 4                                         {product} {ergonomic}
     uint ConcGCThreads                            = 2                                         {product} {ergonomic}
     uint G1ConcRefinementThreads                  = 8                                         {product} {ergonomic}
   size_t G1HeapRegionSize                         = 1048576                                   {product} {ergonomic}
   size_t InitialHeapSize                          = 132120576                                 {product} {ergonomic}
   size_t MarkStackSize                            = 4194304                                   {product} {ergonomic}
   size_t MarkStackSizeMax                         = 536870912                                 {product} {ergonomic}
   size_t MaxHeapSize                              = 2088763392                                {product} {ergonomic}
   size_t MaxNewSize                               = 1253048320                                {product} {ergonomic}
   size_t MinHeapDeltaBytes                        = 1048576                                   {product} {ergonomic}
   size_t MinHeapSize                              = 8388608                                   {product} {ergonomic}
    uintx NonNMethodCodeHeapSize                   = 5832704                                {pd product} {ergonomic}
    uintx NonProfiledCodeHeapSize                  = 122945536                              {pd product} {ergonomic}
    uintx ProfiledCodeHeapSize                     = 122880000                              {pd product} {ergonomic}
    uintx ReservedCodeCacheSize                    = 251658240                              {pd product} {ergonomic}
     bool SegmentedCodeCache                       = true                                      {product} {ergonomic}
   size_t SoftMaxHeapSize                          = 2088763392                             {manageable} {ergonomic}
     bool UseCompressedOops                        = true                           {product lp64_product} {ergonomic}
     bool UseG1GC                                  = true                                      {product} {ergonomic}
     bool UseLargePagesIndividualAllocation        = false                                  {pd product} {ergonomic}

Logging:
Log output configuration:
 #0: stdout all=warning uptime,level,tags foldmultilines=false
 #1: stderr all=off uptime,level,tags foldmultilines=false

Environment Variables:
JAVA_HOME=C:\Program Files\Java\jdk-23
PATH=C:\Program Files\Common Files\Oracle\Java\javapath;C:\Program Files (x86)\Intel\Intel(R) Management Engine Components\iCLS\;C:\Program Files\Intel\Intel(R) Management Engine Components\iCLS\;C:\WINDOWS\system32;C:\WINDOWS;C:\WINDOWS\System32\Wbem;C:\WINDOWS\System32\WindowsPowerShell\v1.0\;C:\WINDOWS\System32\OpenSSH\;C:\Program Files (x86)\Intel\Intel(R) Management Engine Components\DAL;C:\Program Files\Intel\Intel(R) Management Engine Components\DAL;C:\Program Files\Intel\WiFi\bin\;C:\Program Files\Common Files\Intel\WirelessCommon\;C:\Program Files\Java\jdk-23\bin;C:\Users\alexis\AppData\Local\Microsoft\WindowsApps;
USERNAME=alexis
OS=Windows_NT
PROCESSOR_IDENTIFIER=Intel64 Family 6 Model 142 Stepping 11, GenuineIntel
TMP=C:\Users\alexis\AppData\Local\Temp
TEMP=C:\Users\alexis\AppData\Local\Temp




Periodic native trim disabled

---------------  S Y S T E M  ---------------

OS:
 Windows 10 , 64 bit Build 19041 (10.0.19041.4957)
OS uptime: 1 days 0:55 hours

CPU: total 8 (initial active 8) (4 cores per cpu, 2 threads per core) family 6 model 142 stepping 11 microcode 0xae, cx8, cmov, fxsr, ht, mmx, 3dnowpref, sse, sse2, sse3, ssse3, sse4.1, sse4.2, popcnt, lzcnt, tsc, tscinvbit, avx, avx2, aes, erms, clmul, bmi1, bmi2, adx, fma, vzeroupper, clflush, clflushopt, rdtscp, f16c
Processor Information for the first 8 processors :
  Max Mhz: 1800, Current Mhz: 1600, Mhz Limit: 1584

Memory: 4k page, system-wide physical 7967M (666M free)
TotalPageFile size 32543M (AvailPageFile size 0M)
current process WorkingSet (physical memory assigned to process): 8M, peak: 175M
current process commit charge ("private bytes"): 258M, peak: 270M

vm_info: Java HotSpot(TM) 64-Bit Server VM (23.0.1+11-39) for windows-amd64 JRE (23.0.1+11-39), built on 2024-09-30T07:20:43Z with MS VC++ 17.6 (VS2022)

END.
