#
# A fatal error has been detected by the Java Runtime Environment:
#
#  EXCEPTION_ACCESS_VIOLATION (0xc0000005) at pc=0x00007ffca0b68a4c, pid=4396, tid=2640
#
# JRE version: Java(TM) SE Runtime Environment (23.0.1+11) (build 23.0.1+11-39)
# Java VM: Java HotSpot(TM) 64-Bit Server VM (23.0.1+11-39, mixed mode, sharing, tiered, compressed oops, compressed class ptrs, g1 gc, windows-amd64)
# Problematic frame:
# C  [ucrtbase.dll+0x18a4c]
#
# No core dump will be written. Minidumps are not enabled by default on client versions of Windows
#
# If you would like to submit a bug report, please visit:
#   https://bugreport.java.com/bugreport/crash.jsp
#


Command Line: -Dfile.encoding=UTF-8 
C  [ucrtbase.dll+0x17ea9]  (no source info available)
C  [ucrtbase.dll+0x1a3f4]  (no source info available)
C  [ucrtbase.dll+0x1a587]  (no source info available)
C  [ucrtbase.dll+0x1b216]  (no source info available)
C  [ucrtbase.dll+0x1b347]  (no source info available)
C  [ucrtbase.dll+0x1b3e4]  (no source info available)
C  [awt.dll+0x74bdd]  (no source info available)


siginfo: EXCEPTION_ACCESS_VIOLATION (0xc0000005), writing address 0x0000000000000000


Registers:
RAX=0x000001d081cafc6a, RBX=0x00007ffca0c3f540, RCX=0x0000000000000000, RDX=0x000001d081cafd10
RSP=0x0000007b690fb3a0, RBP=0x0000007b690fb560, RSI=0x0000000000000000, RDI=0x0000000000000000
R8 =0x0000000000002282, R9 =0x0000000000000002, R10=0x000001d081cafd10, R11=0x00007ffca0c40980
R12=0x0000007b690fd710, R13=0x0000007b690fc920, R14=0x00007ffca0c1bc10, R15=0x0000000000000000
RIP=0x00007ffca0b68a4c, EFLAGS=0x0000000000010246


Register to memory mapping:

RAX=0x000001d081cafc6a points into unknown readable memory: 00 00 00 00 00 00
RBX=0x00007ffca0c3f540 ucrtbase.dll
RCX=0x0 is null
RDX=0x000001d081cafd10 points into unknown readable memory: 0xffffffffffffffff | ff ff ff ff ff ff ff ff
RSP=0x0000007b690fb3a0 is pointing into the stack for thread: 0x000001d0a031d1a0
RBP=0x0000007b690fb560 is pointing into the stack for thread: 0x000001d0a031d1a0
RSI=0x0 is null
RDI=0x0 is null
R8 =0x0000000000002282 is an unknown value
R9 =0x0000000000000002 is an unknown value
R10=0x000001d081cafd10 points into unknown readable memory: 0xffffffffffffffff | ff ff ff ff ff ff ff ff
R11=0x00007ffca0c40980 ucrtbase.dll
R12=0x0000007b690fd710 is pointing into the stack for thread: 0x000001d0a031d1a0
R13=0x0000007b690fc920 is pointing into the stack for thread: 0x000001d0a031d1a0
R14=0x00007ffca0c1bc10 ucrtbase.dll
R15=0x0 is null

Top of Stack: (sp=0x0000007b690fb3a0)
0x0000007b690fb3a0:   0000000000000070 000001d081ca0150
0x0000007b690fb3b0:   000001d0e78576f0 00000000000003ff
0x0000007b690fb3c0:   000000000000006a 00007ffca0b67ea9
0x0000007b690fb3d0:   000000000000006a 00007ffca0c3f540
0x0000007b690fb3e0:   0000007b690fb948 000000000e080402
0x0000007b690fb3f0:   00000000ffffffff 00007ffca0b6a3f4
0x0000007b690fb400:   0000007b690fb4e0 0000000000008010
0x0000007b690fb410:   0000000000000001 0000000000008020
0x0000007b690fb420:   0000000000000802 00007ffca0b6a587
0x0000007b690fb430:   000001d097080699 000000000000004e
0x0000007b690fb440:   0000000000008010 00000000fc08ef1b
0x0000007b690fb450:   0000000000007fd8 00007ffca0b6b216
0x0000007b690fb460:   0000007b690fb9e0 0000007b690fba00
0x0000007b690fb470:   00007ffca0c3f540 00000000fc08ef1b
0x0000007b690fb480:   0000007b690fb498 0000007b690fb490
0x0000007b690fb490:   0000007b690fba80 0000007b690fb4c0
0x0000007b690fb4a0:   00007ffc57411648 0000000000000024
0x0000007b690fb4b0:   00007ffca0c3f540 000001d00e080402
0x0000007b690fb4c0:   00007ffca0c3f0b0 000001d081cb10c0
0x0000007b690fb4d0:   0000000000000000 0000000000008010
0x0000007b690fb4e0:   0000000000000024 0000007b690fb4c0
0x0000007b690fb4f0:   0000000000000000 00007ffc57411649
0x0000007b690fb500:   0000007b690fba80 0000000000000000
0x0000007b690fb510:   0000000000000000 00007ffc00000000
0x0000007b690fb520:   0000000000006a00 0000000000000001
0x0000007b690fb530:   0000000000000000 0000000000000000
0x0000007b690fb540:   0000000000000000 0000000000000000
0x0000007b690fb550:   0000000000000048 0000000000000001
0x0000007b690fb560:   0000000000000000 0000000000000000
0x0000007b690fb570:   000001d0a0aecfb8 00007ffca3501b97
0x0000007b690fb580:   000001d0e764de00 00007ffcfc08ef1b
0x0000007b690fb590:   000001d0e8615060 000001d002000002 

Instructions: (pc=0x00007ffca0b68a4c)
0x00007ffca0b6894c:   cc cc cc cc 48 63 d2 e9 78 ff ff ff cc cc cc cc
0x00007ffca0b6895c:   cc cc cc cc 48 89 5c 24 08 48 89 74 24 10 57 48
0x00007ffca0b6896c:   83 ec 20 41 8b d9 49 8b f8 48 8b f2 e8 63 d6 ff
0x00007ffca0b6897c:   ff 90 44 8b c3 48 8b d7 48 8b ce e8 64 81 00 00
0x00007ffca0b6898c:   8b d8 e8 dd d5 ff ff 8b c3 48 8b 5c 24 30 48 8b
0x00007ffca0b6899c:   74 24 38 48 83 c4 20 5f c3 cc cc cc cc cc cc cc
0x00007ffca0b689ac:   cc cc cc cc 45 8b c8 4c 8b c2 48 8b d1 e9 a2 ff
0x00007ffca0b689bc:   ff ff cc cc cc cc cc cc 48 89 5c 24 10 48 89 74
0x00007ffca0b689cc:   24 18 88 4c 24 08 57 48 83 ec 20 48 8b ca 48 8b
0x00007ffca0b689dc:   da e8 9e f8 ff ff 8b 4b 14 4c 63 c8 f6 c1 c0 0f
0x00007ffca0b689ec:   84 29 b5 03 00 8b 3b 33 f6 48 8b 53 08 2b 7b 08
0x00007ffca0b689fc:   48 8d 42 01 48 89 03 8b 43 20 ff c8 89 43 10 85
0x00007ffca0b68a0c:   ff 7f 52 41 8d 41 02 83 f8 01 76 58 49 8b c9 48
0x00007ffca0b68a1c:   8d 15 5e 7f 0d 00 49 8b c1 48 c1 f8 06 83 e1 3f
0x00007ffca0b68a2c:   48 8b 04 c2 48 8d 0c c9 48 8d 14 c8 f6 42 38 20
0x00007ffca0b68a3c:   0f 85 b4 b4 03 00 48 8b 4b 08 3b f7 8a 44 24 30
0x00007ffca0b68a4c:   88 01 0f 94 c0 48 8b 5c 24 38 48 8b 74 24 40 48
0x00007ffca0b68a5c:   83 c4 20 5f c3 44 8b c7 41 8b c9 e8 34 f1 ff ff
0x00007ffca0b68a6c:   8b f0 eb d2 48 8d 15 a9 71 0d 00 eb bf cc cc cc
0x00007ffca0b68a7c:   cc cc cc cc 48 89 5c 24 20 48 89 4c 24 08 57 48
0x00007ffca0b68a8c:   83 ec 30 48 89 64 24 20 48 8b d9 48 85 c9 0f 84
0x00007ffca0b68a9c:   96 b4 03 00 48 8d 79 30 48 8b cf ff 15 7b 0b 0a
0x00007ffca0b68aac:   00 90 48 89 5c 24 48 48 8d 4c 24 48 e8 db b7 05
0x00007ffca0b68abc:   00 0f ba e0 0c 72 6d 48 89 5c 24 50 48 8d 4c 24
0x00007ffca0b68acc:   50 e8 2a c9 05 00 8d 48 02 4c 63 c8 4c 8d 15 a1
0x00007ffca0b68adc:   7e 0d 00 83 f9 01 76 6e 4d 8b c1 49 c1 f8 06 49
0x00007ffca0b68aec:   8b c9 83 e1 3f 48 8d 14 c9 4b 8b 0c c2 4c 8d 04
0x00007ffca0b68afc:   d1 48 8d 0d 1c 71 0d 00 41 80 78 39 00 75 53 83
0x00007ffca0b68b0c:   c0 02 83 f8 01 76 17 49 8b c1 48 c1 f8 06 41 83
0x00007ffca0b68b1c:   e1 3f 4b 8d 0c c9 49 8b 04 c2 48 8d 0c c8 f6 41
0x00007ffca0b68b2c:   3d 01 75 2e 83 6b 10 01 78 10 48 8b 03 0f b6 10
0x00007ffca0b68b3c:   48 ff c0 48 89 03 8b da eb 3a 48 8b cb e8 f2 f5 


Stack slot to memory mapping:

stack at sp + 0 slots: 0x0000000000000070 is an unknown value
stack at sp + 1 slots: 0x000001d081ca0150 points into unknown readable memory: 0x000001d0e8b446d0 | d0 46 b4 e8 d0 01 00 00
stack at sp + 2 slots: 0x000001d0e78576f0 points into unknown readable memory: 0x00007ffc531192d0 | d0 92 11 53 fc 7f 00 00
stack at sp + 3 slots: 0x00000000000003ff is an unknown value
stack at sp + 4 slots: 0x000000000000006a is an unknown value
stack at sp + 5 slots: 0x00007ffca0b67ea9 ucrtbase.dll
stack at sp + 6 slots: 0x000000000000006a is an unknown value
stack at sp + 7 slots: 0x00007ffca0c3f540 ucrtbase.dll

Lock stack of current Java thread (top to bottom):


---------------  P R O C E S S  ---------------

Threads class SMR info:
_java_thread_list=0x000001d0e83911b0, length=16, elements={
0x000001d0a0303360, 0x000001d0a0304280, 0x000001d0a0306460, 0x000001d0a0307140,
0x000001d0a030e860, 0x000001d0a0310ee0, 0x000001d0a031d1a0, 0x000001d0a031dc50,
0x000001d0a0b9aa80, 0x000001d0a0c4ff20, 0x000001d0a0c95c60, 0x000001d0a0c967d0,
0x000001d0a0c98290, 0x000001d0a0e8b770, 0x000001d081cd83d0, 0x000001d0e7af0840
}

Java Threads: ( => current thread )
  0x000001d0a0303360 JavaThread "Reference Handler"          daemon [_thread_blocked, id=5424, stack(0x0000007b68a00000,0x0000007b68b00000) (1024K)]
  0x000001d0a0304280 JavaThread "Finalizer"                  daemon [_thread_blocked, id=1840, stack(0x0000007b68b00000,0x0000007b68c00000) (1024K)]
  0x000001d0a0306460 JavaThread "Signal Dispatcher"          daemon [_thread_blocked, id=8932, stack(0x0000007b68c00000,0x0000007b68d00000) (1024K)]
  0x000001d0a0307140 JavaThread "Attach Listener"            daemon [_thread_blocked, id=9356, stack(0x0000007b68d00000,0x0000007b68e00000) (1024K)]
  0x000001d0a030e860 JavaThread "Service Thread"             daemon [_thread_blocked, id=4612, stack(0x0000007b68e00000,0x0000007b68f00000) (1024K)]
  0x000001d0a0310ee0 JavaThread "Monitor Deflation Thread"   daemon [_thread_blocked, id=3712, stack(0x0000007b68f00000,0x0000007b69000000) (1024K)]
=>0x000001d0a031d1a0 JavaThread "C2 CompilerThread0"         daemon [_thread_in_native, id=2640, stack(0x0000007b69000000,0x0000007b69100000) (1024K)]
  0x000001d0a031dc50 JavaThread "C1 CompilerThread0"         daemon [_thread_blocked, id=11392, stack(0x0000007b69100000,0x0000007b69200000) (1024K)]
  0x000001d0a0b9aa80 JavaThread "Common-Cleaner"             daemon [_thread_blocked, id=2276, stack(0x0000007b69200000,0x0000007b69300000) (1024K)]
  0x000001d0a0c4ff20 JavaThread "Notification Thread"        daemon [_thread_blocked, id=14840, stack(0x0000007b69300000,0x0000007b69400000) (1024K)]
  0x000001d0a0c95c60 JavaThread "Java2D Disposer"            daemon [_thread_blocked, id=13588, stack(0x0000007b69400000,0x0000007b69500000) (1024K)]
  0x000001d0a0c967d0 JavaThread "AWT-Shutdown"                      [_thread_blocked, id=9476, stack(0x0000007b69500000,0x0000007b69600000) (1024K)]
  0x000001d0a0c98290 JavaThread "AWT-Windows"                daemon [_thread_in_native, id=13684, stack(0x0000007b69600000,0x0000007b69700000) (1024K)]
  0x000001d0a0e8b770 JavaThread "AWT-EventQueue-0"                  [_thread_blocked, id=7968, stack(0x0000007b69700000,0x0000007b69800000) (1024K)]
  0x000001d081cd83d0 JavaThread "DestroyJavaVM"                     [_thread_blocked, id=9080, stack(0x0000007b68200000,0x0000007b68300000) (1024K)]
  0x000001d0e7af0840 JavaThread "TimerQueue"                 daemon [_thread_blocked, id=9548, stack(0x0000007b69c00000,0x0000007b69d00000) (1024K)]
Total: 16

Other Threads:
  0x000001d0a02e8840 VMThread "VM Thread"                           [id=13108, stack(0x0000007b68900000,0x0000007b68a00000) (1024K)]
  0x000001d0a02d7470 WatcherThread "VM Periodic Task Thread"        [id=4224, stack(0x0000007b68800000,0x0000007b68900000) (1024K)]
  0x000001d083f161a0 WorkerThread "GC Thread#0"                     [id=8544, stack(0x0000007b68300000,0x0000007b68400000) (1024K)]
  0x000001d0e8882d20 WorkerThread "GC Thread#1"                     [id=3776, stack(0x0000007b69800000,0x0000007b69900000) (1024K)]
  0x000001d0e88830d0 WorkerThread "GC Thread#2"                     [id=15064, stack(0x0000007b69e00000,0x0000007b69f00000) (1024K)]
  0x000001d0e8883480 WorkerThread "GC Thread#3"                     [id=11956, stack(0x0000007b69f00000,0x0000007b6a000000) (1024K)]
  0x000001d0e8883830 WorkerThread "GC Thread#4"                     [id=6956, stack(0x0000007b6a000000,0x0000007b6a100000) (1024K)]
  0x000001d0e76de5e0 WorkerThread "GC Thread#5"                     [id=5484, stack(0x0000007b6a100000,0x0000007b6a200000) (1024K)]
  0x000001d0e75da8e0 WorkerThread "GC Thread#6"                     [id=10044, stack(0x0000007b6a200000,0x0000007b6a300000) (1024K)]
  0x000001d0e75ec2e0 WorkerThread "GC Thread#7"                     [id=1548, stack(0x0000007b6a300000,0x0000007b6a400000) (1024K)]
  0x000001d083f66010 ConcurrentGCThread "G1 Main Marker"            [id=2536, stack(0x0000007b68400000,0x0000007b68500000) (1024K)]
  0x000001d083f67a40 WorkerThread "G1 Conc#0"                       [id=12696, stack(0x0000007b68500000,0x0000007b68600000) (1024K)]
  0x000001d0a01a6c50 ConcurrentGCThread "G1 Refine#0"               [id=15016, stack(0x0000007b68600000,0x0000007b68700000) (1024K)]
  0x000001d0a01a76e0 ConcurrentGCThread "G1 Service"                [id=988, stack(0x0000007b68700000,0x0000007b68800000) (1024K)]
Total: 14

Threads with active compile tasks:
C2 CompilerThread0  2337224 3447       4       java.util.HashMap$EntryIterator::next (5 bytes)
Total: 1

VM state: not at safepoint (normal execution)

VM Mutex/Monitor currently owned by a thread: None

Heap address: 0x0000000083800000, size: 1992 MB, Compressed Oops mode: 32-bit

CDS archive(s) mapped at: [0x000001d0a1000000-0x000001d0a1d70000-0x000001d0a1d70000), size 14090240, SharedBaseAddress: 0x000001d0a1000000, ArchiveRelocationMode: 1.
Compressed class space mapped at: 0x000001d0a2000000-0x000001d0e2000000, reserved size: 1073741824
Narrow klass base: 0x000001d0a1000000, Narrow klass shift: 0, Narrow klass range: 0x41000000

GC Precious Log:
 CardTable entry size: 512
 Card Set container configuration: InlinePtr #cards 5 size 8 Array Of Cards #cards 10 size 36 Howl #buckets 4 coarsen threshold 1843 Howl Bitmap #cards 512 size 80 coarsen threshold 460 Card regions per heap region 1 cards per card region 2048
 CPUs: 8 total, 8 available
 Memory: 7967M
 Large Page Support: Disabled
 NUMA Support: Disabled
 Compressed Oops: Enabled (32-bit)
 Heap Region Size: 1M
 Heap Min Capacity: 8M
 Heap Initial Capacity: 126M
 Heap Max Capacity: 1992M
 Pre-touch: Disabled
 Parallel Workers: 8
 Concurrent Workers: 2
 Concurrent Refinement Workers: 8
 Periodic GC: Disabled

Heap:
 garbage-first heap   total reserved 2039808K, committed 129024K, used 17188K [0x0000000083800000, 0x0000000100000000)
  region size 1024K, 5 young (5120K), 2 survivors (2048K)
 Metaspace       used 14996K, committed 15296K, reserved 1114112K
  class space    used 1724K, committed 1856K, reserved 1048576K

Heap Regions: E=young(eden), S=young(survivor), O=old, HS=humongous(starts), HC=humongous(continues), CS=collection set, F=free, TAMS=top-at-mark-start, PB=parsable bottom
|   0|0x0000000083800000, 0x0000000083900000, 0x0000000083900000|100%|HS|  |TAMS 0x0000000083800000| PB 0x0000000083800000| Complete |  0
|   1|0x0000000083900000, 0x0000000083a00000, 0x0000000083a00000|100%|HC|  |TAMS 0x0000000083900000| PB 0x0000000083900000| Complete |  0
|   2|0x0000000083a00000, 0x0000000083b00000, 0x0000000083b00000|100%|HC|  |TAMS 0x0000000083a00000| PB 0x0000000083a00000| Complete |  0
|   3|0x0000000083b00000, 0x0000000083c00000, 0x0000000083c00000|100%|HC|  |TAMS 0x0000000083b00000| PB 0x0000000083b00000| Complete |  0
|   4|0x0000000083c00000, 0x0000000083d00000, 0x0000000083d00000|100%| O|  |TAMS 0x0000000083c00000| PB 0x0000000083c00000| Untracked |  0
|   5|0x0000000083d00000, 0x0000000083e00000, 0x0000000083e00000|100%| O|  |TAMS 0x0000000083d00000| PB 0x0000000083d00000| Untracked |  0
|   6|0x0000000083e00000, 0x0000000083f00000, 0x0000000083f00000|100%|HS|  |TAMS 0x0000000083e00000| PB 0x0000000083e00000| Complete |  0
|   7|0x0000000083f00000, 0x0000000084000000, 0x0000000084000000|100%|HC|  |TAMS 0x0000000083f00000| PB 0x0000000083f00000| Complete |  0
|   8|0x0000000084000000, 0x0000000084100000, 0x0000000084100000|100%|HC|  |TAMS 0x0000000084000000| PB 0x0000000084000000| Complete |  0
|   9|0x0000000084100000, 0x0000000084200000, 0x0000000084200000|100%|HC|  |TAMS 0x0000000084100000| PB 0x0000000084100000| Complete |  0
|  10|0x0000000084200000, 0x0000000084300000, 0x0000000084300000|100%| O|  |TAMS 0x0000000084200000| PB 0x0000000084200000| Untracked |  0
|  11|0x0000000084300000, 0x0000000084400000, 0x0000000084400000|100%| O|  |TAMS 0x0000000084300000| PB 0x0000000084300000| Untracked |  0
|  12|0x0000000084400000, 0x00000000844f84d0, 0x0000000084500000| 96%| O|  |TAMS 0x0000000084400000| PB 0x0000000084400000| Untracked |  0
|  13|0x0000000084500000, 0x0000000084500000, 0x0000000084600000|  0%| F|  |TAMS 0x0000000084500000| PB 0x0000000084500000| Untracked |  0
|  14|0x0000000084600000, 0x0000000084600000, 0x0000000084700000|  0%| F|  |TAMS 0x0000000084600000| PB 0x0000000084600000| Untracked |  0
|  15|0x0000000084700000, 0x0000000084700000, 0x0000000084800000|  0%| F|  |TAMS 0x0000000084700000| PB 0x0000000084700000| Untracked |  0
|  16|0x0000000084800000, 0x0000000084800000, 0x0000000084900000|  0%| F|  |TAMS 0x0000000084800000| PB 0x0000000084800000| Untracked |  0
|  17|0x0000000084900000, 0x0000000084900000, 0x0000000084a00000|  0%| F|  |TAMS 0x0000000084900000| PB 0x0000000084900000| Untracked |  0
|  18|0x0000000084a00000, 0x0000000084a00000, 0x0000000084b00000|  0%| F|  |TAMS 0x0000000084a00000| PB 0x0000000084a00000| Untracked |  0
|  19|0x0000000084b00000, 0x0000000084b00000, 0x0000000084c00000|  0%| F|  |TAMS 0x0000000084b00000| PB 0x0000000084b00000| Untracked |  0
|  20|0x0000000084c00000, 0x0000000084c00000, 0x0000000084d00000|  0%| F|  |TAMS 0x0000000084c00000| PB 0x0000000084c00000| Untracked |  0
|  21|0x0000000084d00000, 0x0000000084d00000, 0x0000000084e00000|  0%| F|  |TAMS 0x0000000084d00000| PB 0x0000000084d00000| Untracked |  0
|  22|0x0000000084e00000, 0x0000000084e00000, 0x0000000084f00000|  0%| F|  |TAMS 0x0000000084e00000| PB 0x0000000084e00000| Untracked |  0
|  23|0x0000000084f00000, 0x0000000084f00000, 0x0000000085000000|  0%| F|  |TAMS 0x0000000084f00000| PB 0x0000000084f00000| Untracked |  0
|  24|0x0000000085000000, 0x0000000085000000, 0x0000000085100000|  0%| F|  |TAMS 0x0000000085000000| PB 0x0000000085000000| Untracked |  0
|  25|0x0000000085100000, 0x0000000085100000, 0x0000000085200000|  0%| F|  |TAMS 0x0000000085100000| PB 0x0000000085100000| Untracked |  0
|  26|0x0000000085200000, 0x0000000085200000, 0x0000000085300000|  0%| F|  |TAMS 0x0000000085200000| PB 0x0000000085200000| Untracked |  0
|  27|0x0000000085300000, 0x0000000085300000, 0x0000000085400000|  0%| F|  |TAMS 0x0000000085300000| PB 0x0000000085300000| Untracked |  0
|  28|0x0000000085400000, 0x0000000085400000, 0x0000000085500000|  0%| F|  |TAMS 0x0000000085400000| PB 0x0000000085400000| Untracked |  0
|  29|0x0000000085500000, 0x0000000085500000, 0x0000000085600000|  0%| F|  |TAMS 0x0000000085500000| PB 0x0000000085500000| Untracked |  0
|  30|0x0000000085600000, 0x0000000085600000, 0x0000000085700000|  0%| F|  |TAMS 0x0000000085600000| PB 0x0000000085600000| Untracked |  0
|  31|0x0000000085700000, 0x0000000085700000, 0x0000000085800000|  0%| F|  |TAMS 0x0000000085700000| PB 0x0000000085700000| Untracked |  0
|  32|0x0000000085800000, 0x0000000085800000, 0x0000000085900000|  0%| F|  |TAMS 0x0000000085800000| PB 0x0000000085800000| Untracked |  0
|  33|0x0000000085900000, 0x0000000085900000, 0x0000000085a00000|  0%| F|  |TAMS 0x0000000085900000| PB 0x0000000085900000| Untracked |  0
|  34|0x0000000085a00000, 0x0000000085a00000, 0x0000000085b00000|  0%| F|  |TAMS 0x0000000085a00000| PB 0x0000000085a00000| Untracked |  0
|  35|0x0000000085b00000, 0x0000000085b00000, 0x0000000085c00000|  0%| F|  |TAMS 0x0000000085b00000| PB 0x0000000085b00000| Untracked |  0
|  36|0x0000000085c00000, 0x0000000085c00000, 0x0000000085d00000|  0%| F|  |TAMS 0x0000000085c00000| PB 0x0000000085c00000| Untracked |  0
|  37|0x0000000085d00000, 0x0000000085d00000, 0x0000000085e00000|  0%| F|  |TAMS 0x0000000085d00000| PB 0x0000000085d00000| Untracked |  0
|  38|0x0000000085e00000, 0x0000000085e00000, 0x0000000085f00000|  0%| F|  |TAMS 0x0000000085e00000| PB 0x0000000085e00000| Untracked |  0
|  39|0x0000000085f00000, 0x0000000085f00000, 0x0000000086000000|  0%| F|  |TAMS 0x0000000085f00000| PB 0x0000000085f00000| Untracked |  0
|  40|0x0000000086000000, 0x0000000086000000, 0x0000000086100000|  0%| F|  |TAMS 0x0000000086000000| PB 0x0000000086000000| Untracked |  0
|  41|0x0000000086100000, 0x0000000086100000, 0x0000000086200000|  0%| F|  |TAMS 0x0000000086100000| PB 0x0000000086100000| Untracked |  0
|  42|0x0000000086200000, 0x0000000086200000, 0x0000000086300000|  0%| F|  |TAMS 0x0000000086200000| PB 0x0000000086200000| Untracked |  0
|  43|0x0000000086300000, 0x0000000086300000, 0x0000000086400000|  0%| F|  |TAMS 0x0000000086300000| PB 0x0000000086300000| Untracked |  0
|  44|0x0000000086400000, 0x0000000086400000, 0x0000000086500000|  0%| F|  |TAMS 0x0000000086400000| PB 0x0000000086400000| Untracked |  0
|  45|0x0000000086500000, 0x0000000086500000, 0x0000000086600000|  0%| F|  |TAMS 0x0000000086500000| PB 0x0000000086500000| Untracked |  0
|  46|0x0000000086600000, 0x0000000086600000, 0x0000000086700000|  0%| F|  |TAMS 0x0000000086600000| PB 0x0000000086600000| Untracked |  0
|  47|0x0000000086700000, 0x0000000086700000, 0x0000000086800000|  0%| F|  |TAMS 0x0000000086700000| PB 0x0000000086700000| Untracked |  0
|  48|0x0000000086800000, 0x0000000086800000, 0x0000000086900000|  0%| F|  |TAMS 0x0000000086800000| PB 0x0000000086800000| Untracked |  0
|  49|0x0000000086900000, 0x0000000086900000, 0x0000000086a00000|  0%| F|  |TAMS 0x0000000086900000| PB 0x0000000086900000| Untracked |  0
|  50|0x0000000086a00000, 0x0000000086a00000, 0x0000000086b00000|  0%| F|  |TAMS 0x0000000086a00000| PB 0x0000000086a00000| Untracked |  0
|  51|0x0000000086b00000, 0x0000000086b00000, 0x0000000086c00000|  0%| F|  |TAMS 0x0000000086b00000| PB 0x0000000086b00000| Untracked |  0
|  52|0x0000000086c00000, 0x0000000086c00000, 0x0000000086d00000|  0%| F|  |TAMS 0x0000000086c00000| PB 0x0000000086c00000| Untracked |  0
|  53|0x0000000086d00000, 0x0000000086d00000, 0x0000000086e00000|  0%| F|  |TAMS 0x0000000086d00000| PB 0x0000000086d00000| Untracked |  0
|  54|0x0000000086e00000, 0x0000000086e00000, 0x0000000086f00000|  0%| F|  |TAMS 0x0000000086e00000| PB 0x0000000086e00000| Untracked |  0
|  55|0x0000000086f00000, 0x0000000086f00000, 0x0000000087000000|  0%| F|  |TAMS 0x0000000086f00000| PB 0x0000000086f00000| Untracked |  0
|  56|0x0000000087000000, 0x0000000087000000, 0x0000000087100000|  0%| F|  |TAMS 0x0000000087000000| PB 0x0000000087000000| Untracked |  0
|  57|0x0000000087100000, 0x0000000087100000, 0x0000000087200000|  0%| F|  |TAMS 0x0000000087100000| PB 0x0000000087100000| Untracked |  0
|  58|0x0000000087200000, 0x0000000087200000, 0x0000000087300000|  0%| F|  |TAMS 0x0000000087200000| PB 0x0000000087200000| Untracked |  0
|  59|0x0000000087300000, 0x0000000087300000, 0x0000000087400000|  0%| F|  |TAMS 0x0000000087300000| PB 0x0000000087300000| Untracked |  0
|  60|0x0000000087400000, 0x0000000087400000, 0x0000000087500000|  0%| F|  |TAMS 0x0000000087400000| PB 0x0000000087400000| Untracked |  0
|  61|0x0000000087500000, 0x0000000087500000, 0x0000000087600000|  0%| F|  |TAMS 0x0000000087500000| PB 0x0000000087500000| Untracked |  0
|  62|0x0000000087600000, 0x0000000087600000, 0x0000000087700000|  0%| F|  |TAMS 0x0000000087600000| PB 0x0000000087600000| Untracked |  0
|  63|0x0000000087700000, 0x0000000087700000, 0x0000000087800000|  0%| F|  |TAMS 0x0000000087700000| PB 0x0000000087700000| Untracked |  0
|  64|0x0000000087800000, 0x0000000087800000, 0x0000000087900000|  0%| F|  |TAMS 0x0000000087800000| PB 0x0000000087800000| Untracked |  0
|  65|0x0000000087900000, 0x0000000087900000, 0x0000000087a00000|  0%| F|  |TAMS 0x0000000087900000| PB 0x0000000087900000| Untracked |  0
|  66|0x0000000087a00000, 0x0000000087a00000, 0x0000000087b00000|  0%| F|  |TAMS 0x0000000087a00000| PB 0x0000000087a00000| Untracked |  0
|  67|0x0000000087b00000, 0x0000000087b00000, 0x0000000087c00000|  0%| F|  |TAMS 0x0000000087b00000| PB 0x0000000087b00000| Untracked |  0
|  68|0x0000000087c00000, 0x0000000087c00000, 0x0000000087d00000|  0%| F|  |TAMS 0x0000000087c00000| PB 0x0000000087c00000| Untracked |  0
|  69|0x0000000087d00000, 0x0000000087d00000, 0x0000000087e00000|  0%| F|  |TAMS 0x0000000087d00000| PB 0x0000000087d00000| Untracked |  0
|  70|0x0000000087e00000, 0x0000000087e00000, 0x0000000087f00000|  0%| F|  |TAMS 0x0000000087e00000| PB 0x0000000087e00000| Untracked |  0
|  71|0x0000000087f00000, 0x0000000087f00000, 0x0000000088000000|  0%| F|  |TAMS 0x0000000087f00000| PB 0x0000000087f00000| Untracked |  0
|  72|0x0000000088000000, 0x0000000088000000, 0x0000000088100000|  0%| F|  |TAMS 0x0000000088000000| PB 0x0000000088000000| Untracked |  0
|  73|0x0000000088100000, 0x0000000088100000, 0x0000000088200000|  0%| F|  |TAMS 0x0000000088100000| PB 0x0000000088100000| Untracked |  0
|  74|0x0000000088200000, 0x0000000088200000, 0x0000000088300000|  0%| F|  |TAMS 0x0000000088200000| PB 0x0000000088200000| Untracked |  0
|  75|0x0000000088300000, 0x0000000088300000, 0x0000000088400000|  0%| F|  |TAMS 0x0000000088300000| PB 0x0000000088300000| Untracked |  0
|  76|0x0000000088400000, 0x0000000088400000, 0x0000000088500000|  0%| F|  |TAMS 0x0000000088400000| PB 0x0000000088400000| Untracked |  0
|  77|0x0000000088500000, 0x0000000088500000, 0x0000000088600000|  0%| F|  |TAMS 0x0000000088500000| PB 0x0000000088500000| Untracked |  0
|  78|0x0000000088600000, 0x0000000088600000, 0x0000000088700000|  0%| F|  |TAMS 0x0000000088600000| PB 0x0000000088600000| Untracked |  0
|  79|0x0000000088700000, 0x0000000088700000, 0x0000000088800000|  0%| F|  |TAMS 0x0000000088700000| PB 0x0000000088700000| Untracked |  0
|  80|0x0000000088800000, 0x0000000088800000, 0x0000000088900000|  0%| F|  |TAMS 0x0000000088800000| PB 0x0000000088800000| Untracked |  0
|  81|0x0000000088900000, 0x0000000088900000, 0x0000000088a00000|  0%| F|  |TAMS 0x0000000088900000| PB 0x0000000088900000| Untracked |  0
|  82|0x0000000088a00000, 0x0000000088a00000, 0x0000000088b00000|  0%| F|  |TAMS 0x0000000088a00000| PB 0x0000000088a00000| Untracked |  0
|  83|0x0000000088b00000, 0x0000000088b00000, 0x0000000088c00000|  0%| F|  |TAMS 0x0000000088b00000| PB 0x0000000088b00000| Untracked |  0
|  84|0x0000000088c00000, 0x0000000088c00000, 0x0000000088d00000|  0%| F|  |TAMS 0x0000000088c00000| PB 0x0000000088c00000| Untracked |  0
|  85|0x0000000088d00000, 0x0000000088d00000, 0x0000000088e00000|  0%| F|  |TAMS 0x0000000088d00000| PB 0x0000000088d00000| Untracked |  0
|  86|0x0000000088e00000, 0x0000000088e00000, 0x0000000088f00000|  0%| F|  |TAMS 0x0000000088e00000| PB 0x0000000088e00000| Untracked |  0
|  87|0x0000000088f00000, 0x0000000088f00000, 0x0000000089000000|  0%| F|  |TAMS 0x0000000088f00000| PB 0x0000000088f00000| Untracked |  0
|  88|0x0000000089000000, 0x0000000089000000, 0x0000000089100000|  0%| F|  |TAMS 0x0000000089000000| PB 0x0000000089000000| Untracked |  0
|  89|0x0000000089100000, 0x0000000089100000, 0x0000000089200000|  0%| F|  |TAMS 0x0000000089100000| PB 0x0000000089100000| Untracked |  0
|  90|0x0000000089200000, 0x0000000089200000, 0x0000000089300000|  0%| F|  |TAMS 0x0000000089200000| PB 0x0000000089200000| Untracked |  0
|  91|0x0000000089300000, 0x0000000089300000, 0x0000000089400000|  0%| F|  |TAMS 0x0000000089300000| PB 0x0000000089300000| Untracked |  0
|  92|0x0000000089400000, 0x0000000089400000, 0x0000000089500000|  0%| F|  |TAMS 0x0000000089400000| PB 0x0000000089400000| Untracked |  0
|  93|0x0000000089500000, 0x0000000089500000, 0x0000000089600000|  0%| F|  |TAMS 0x0000000089500000| PB 0x0000000089500000| Untracked |  0
|  94|0x0000000089600000, 0x0000000089600000, 0x0000000089700000|  0%| F|  |TAMS 0x0000000089600000| PB 0x0000000089600000| Untracked |  0
|  95|0x0000000089700000, 0x0000000089700000, 0x0000000089800000|  0%| F|  |TAMS 0x0000000089700000| PB 0x0000000089700000| Untracked |  0
|  96|0x0000000089800000, 0x0000000089800000, 0x0000000089900000|  0%| F|  |TAMS 0x0000000089800000| PB 0x0000000089800000| Untracked |  0
|  97|0x0000000089900000, 0x0000000089900000, 0x0000000089a00000|  0%| F|  |TAMS 0x0000000089900000| PB 0x0000000089900000| Untracked |  0
|  98|0x0000000089a00000, 0x0000000089a00000, 0x0000000089b00000|  0%| F|  |TAMS 0x0000000089a00000| PB 0x0000000089a00000| Untracked |  0
|  99|0x0000000089b00000, 0x0000000089b00000, 0x0000000089c00000|  0%| F|  |TAMS 0x0000000089b00000| PB 0x0000000089b00000| Untracked |  0
| 100|0x0000000089c00000, 0x0000000089c00000, 0x0000000089d00000|  0%| F|  |TAMS 0x0000000089c00000| PB 0x0000000089c00000| Untracked |  0
| 101|0x0000000089d00000, 0x0000000089d00000, 0x0000000089e00000|  0%| F|  |TAMS 0x0000000089d00000| PB 0x0000000089d00000| Untracked |  0
| 102|0x0000000089e00000, 0x0000000089ed0c90, 0x0000000089f00000| 81%| S|CS|TAMS 0x0000000089e00000| PB 0x0000000089e00000| Complete |  0
| 103|0x0000000089f00000, 0x000000008a000000, 0x000000008a000000|100%| S|CS|TAMS 0x0000000089f00000| PB 0x0000000089f00000| Complete |  0
| 104|0x000000008a000000, 0x000000008a000000, 0x000000008a100000|  0%| F|  |TAMS 0x000000008a000000| PB 0x000000008a000000| Untracked |  0
| 105|0x000000008a100000, 0x000000008a100000, 0x000000008a200000|  0%| F|  |TAMS 0x000000008a100000| PB 0x000000008a100000| Untracked |  0
| 106|0x000000008a200000, 0x000000008a200000, 0x000000008a300000|  0%| F|  |TAMS 0x000000008a200000| PB 0x000000008a200000| Untracked |  0
| 107|0x000000008a300000, 0x000000008a300000, 0x000000008a400000|  0%| F|  |TAMS 0x000000008a300000| PB 0x000000008a300000| Untracked |  0
| 108|0x000000008a400000, 0x000000008a400000, 0x000000008a500000|  0%| F|  |TAMS 0x000000008a400000| PB 0x000000008a400000| Untracked |  0
| 109|0x000000008a500000, 0x000000008a500000, 0x000000008a600000|  0%| F|  |TAMS 0x000000008a500000| PB 0x000000008a500000| Untracked |  0
| 110|0x000000008a600000, 0x000000008a600000, 0x000000008a700000|  0%| F|  |TAMS 0x000000008a600000| PB 0x000000008a600000| Untracked |  0
| 111|0x000000008a700000, 0x000000008a700000, 0x000000008a800000|  0%| F|  |TAMS 0x000000008a700000| PB 0x000000008a700000| Untracked |  0
| 112|0x000000008a800000, 0x000000008a800000, 0x000000008a900000|  0%| F|  |TAMS 0x000000008a800000| PB 0x000000008a800000| Untracked |  0
| 113|0x000000008a900000, 0x000000008a900000, 0x000000008aa00000|  0%| F|  |TAMS 0x000000008a900000| PB 0x000000008a900000| Untracked |  0
| 114|0x000000008aa00000, 0x000000008aa00000, 0x000000008ab00000|  0%| F|  |TAMS 0x000000008aa00000| PB 0x000000008aa00000| Untracked |  0
| 115|0x000000008ab00000, 0x000000008ab00000, 0x000000008ac00000|  0%| F|  |TAMS 0x000000008ab00000| PB 0x000000008ab00000| Untracked |  0
| 116|0x000000008ac00000, 0x000000008ac00000, 0x000000008ad00000|  0%| F|  |TAMS 0x000000008ac00000| PB 0x000000008ac00000| Untracked |  0
| 117|0x000000008ad00000, 0x000000008ad00000, 0x000000008ae00000|  0%| F|  |TAMS 0x000000008ad00000| PB 0x000000008ad00000| Untracked |  0
| 118|0x000000008ae00000, 0x000000008ae00000, 0x000000008af00000|  0%| F|  |TAMS 0x000000008ae00000| PB 0x000000008ae00000| Untracked |  0
| 119|0x000000008af00000, 0x000000008af00000, 0x000000008b000000|  0%| F|  |TAMS 0x000000008af00000| PB 0x000000008af00000| Untracked |  0
| 120|0x000000008b000000, 0x000000008b000000, 0x000000008b100000|  0%| F|  |TAMS 0x000000008b000000| PB 0x000000008b000000| Untracked |  0
| 121|0x000000008b100000, 0x000000008b100000, 0x000000008b200000|  0%| F|  |TAMS 0x000000008b100000| PB 0x000000008b100000| Untracked |  0
| 122|0x000000008b200000, 0x000000008b200000, 0x000000008b300000|  0%| F|  |TAMS 0x000000008b200000| PB 0x000000008b200000| Untracked |  0
| 123|0x000000008b300000, 0x000000008b3eb7a8, 0x000000008b400000| 91%| E|  |TAMS 0x000000008b300000| PB 0x000000008b300000| Complete |  0
| 124|0x000000008b400000, 0x000000008b500000, 0x000000008b500000|100%| E|CS|TAMS 0x000000008b400000| PB 0x000000008b400000| Complete |  0
| 125|0x000000008b500000, 0x000000008b600000, 0x000000008b600000|100%| E|CS|TAMS 0x000000008b500000| PB 0x000000008b500000| Complete |  0

Card table byte_map: [0x000001d09bd00000,0x000001d09c0f0000] _byte_map_base: 0x000001d09b8e4000

Marking Bits: (CMBitMap*) 0x000001d083f177d0
 Bits: [0x000001d09c0f0000, 0x000001d09e010000)

Polling page: 0x000001d081c90000

Metaspace:

Usage:
  Non-class:     12.96 MB used.
      Class:      1.68 MB used.
       Both:     14.65 MB used.

Virtual space:
  Non-class space:       64.00 MB reserved,      13.12 MB ( 21%) committed,  1 nodes.
      Class space:        1.00 GB reserved,       1.81 MB ( <1%) committed,  1 nodes.
             Both:        1.06 GB reserved,      14.94 MB (  1%) committed. 

Chunk freelists:
   Non-Class:  2.48 MB
       Class:  14.22 MB
        Both:  16.70 MB

MaxMetaspaceSize: unlimited
CompressedClassSpaceSize: 1.00 GB
Initial GC threshold: 21.00 MB
Current GC threshold: 21.00 MB
CDS: on
 - commit_granule_bytes: 65536.
 - commit_granule_words: 8192.
 - virtual_space_node_default_size: 8388608.
 - enlarge_chunks_in_place: 1.
 - use_allocation_guard: 0.


Internal statistics:

num_allocs_failed_limit: 0.
num_arena_births: 174.
num_arena_deaths: 0.
num_vsnodes_births: 2.
num_vsnodes_deaths: 0.
num_space_committed: 239.
num_space_uncommitted: 0.
num_chunks_returned_to_freelist: 0.
num_chunks_taken_from_freelist: 258.
num_chunk_merges: 0.
num_chunk_splits: 147.
num_chunks_enlarged: 65.
num_inconsistent_stats: 0.

CodeHeap 'non-profiled nmethods': size=120064Kb used=1397Kb max_used=1397Kb free=118666Kb
 bounds [0x000001d0940a0000, 0x000001d094310000, 0x000001d09b5e0000]
CodeHeap 'profiled nmethods': size=120000Kb used=5249Kb max_used=5249Kb free=114750Kb
 bounds [0x000001d08c5e0000, 0x000001d08cb10000, 0x000001d093b10000]
CodeHeap 'non-nmethods': size=5696Kb used=1658Kb max_used=1720Kb free=4037Kb
 bounds [0x000001d093b10000, 0x000001d093d80000, 0x000001d0940a0000]
CodeCache: size=245760Kb, used=8304Kb, max_used=8366Kb, free=237453Kb
 total_blobs=4164, nmethods=3445, adapters=622, full_count=0
Compilation: enabled, stopped_count=0, restarted_count=0

Compilation events (20 events):
Event: 1669.792 Thread 0x000001d0a031dc50 nmethod 3437 0x000001d08cafb488 code [0x000001d08cafb660, 0x000001d08cafc038]
Event: 1669.792 Thread 0x000001d0a031dc50 3438       3       sun.awt.windows.WDesktopProperties$WinPlaySound::<init> (15 bytes)
Event: 1669.793 Thread 0x000001d0a031dc50 nmethod 3438 0x000001d08cafc108 code [0x000001d08cafc220, 0x000001d08cafc440]
Event: 1671.717 Thread 0x000001d0a031dc50 3439  s    3       sun.awt.windows.WDesktopProperties::setFontProperty (156 bytes)
Event: 1671.726 Thread 0x000001d0a031d1a0 3440       4       java.util.HashMap::putVal (300 bytes)
Event: 1671.743 Thread 0x000001d0a031dc50 nmethod 3439 0x000001d08cafc488 code [0x000001d08cafc820, 0x000001d08cafe4b0]
Event: 1671.743 Thread 0x000001d0a031dc50 3441   !   3       sun.awt.windows.WDesktopProperties$WinPlaySound::equals (25 bytes)
Event: 1671.745 Thread 0x000001d0a031dc50 nmethod 3441 0x000001d08cafe608 code [0x000001d08cafe740, 0x000001d08cafea08]
Event: 1671.793 Thread 0x000001d0a031d1a0 nmethod 3440 0x000001d0941f9f88 code [0x000001d0941fa160, 0x000001d0941fae60]
Event: 1695.671 Thread 0x000001d0a031dc50 3442  s    3       sun.awt.windows.WDesktopProperties::setBooleanProperty (57 bytes)
Event: 1695.676 Thread 0x000001d0a031dc50 nmethod 3442 0x000001d08cafea88 code [0x000001d08cafec20, 0x000001d08caff398]
Event: 1769.034 Thread 0x000001d0a031d1a0 3443       4       java.util.HashMap::resize (356 bytes)
Event: 1769.106 Thread 0x000001d0a031d1a0 nmethod 3443 0x000001d0941faf08 code [0x000001d0941fb080, 0x000001d0941fbde0]
Event: 1769.107 Thread 0x000001d0a031d1a0 3444       4       java.beans.PropertyChangeSupport::firePropertyChange (35 bytes)
Event: 1769.201 Thread 0x000001d0a031d1a0 nmethod 3444 0x000001d0941fbe08 code [0x000001d0941fc000, 0x000001d0941fd4b0]
Event: 1889.196 Thread 0x000001d0a031dc50 3445       3       java.util.ComparableTimSort::binarySort (223 bytes)
Event: 1889.201 Thread 0x000001d0a031dc50 nmethod 3445 0x000001d08caff408 code [0x000001d08caff5a0, 0x000001d08cb000e0]
Event: 2022.757 Thread 0x000001d0a031dc50 3446       3       java.util.HashMap::keysToArray (81 bytes)
Event: 2022.758 Thread 0x000001d0a031dc50 nmethod 3446 0x000001d08cb00108 code [0x000001d08cb00240, 0x000001d08cb006a8]
Event: 2336.873 Thread 0x000001d0a031d1a0 3447       4       java.util.HashMap$EntryIterator::next (5 bytes)

GC Heap History (4 events):
Event: 16.910 GC heap before
{Heap before GC invocations=0 (full 0):
 garbage-first heap   total reserved 2039808K, committed 129024K, used 27648K [0x0000000083800000, 0x0000000100000000)
  region size 1024K, 24 young (24576K), 0 survivors (0K)
 Metaspace       used 12260K, committed 12416K, reserved 1114112K
  class space    used 1403K, committed 1472K, reserved 1048576K
}
Event: 16.922 GC heap after
{Heap after GC invocations=1 (full 0):
 garbage-first heap   total reserved 2039808K, committed 129024K, used 9098K [0x0000000083800000, 0x0000000100000000)
  region size 1024K, 3 young (3072K), 3 survivors (3072K)
 Metaspace       used 12260K, committed 12416K, reserved 1114112K
  class space    used 1403K, committed 1472K, reserved 1048576K
}
Event: 132.580 GC heap before
{Heap before GC invocations=1 (full 0):
 garbage-first heap   total reserved 2039808K, committed 129024K, used 35722K [0x0000000083800000, 0x0000000100000000)
  region size 1024K, 25 young (25600K), 3 survivors (3072K)
 Metaspace       used 14972K, committed 15232K, reserved 1114112K
  class space    used 1724K, committed 1856K, reserved 1048576K
}
Event: 132.587 GC heap after
{Heap after GC invocations=2 (full 0):
 garbage-first heap   total reserved 2039808K, committed 129024K, used 15140K [0x0000000083800000, 0x0000000100000000)
  region size 1024K, 2 young (2048K), 2 survivors (2048K)
 Metaspace       used 14972K, committed 15232K, reserved 1114112K
  class space    used 1724K, committed 1856K, reserved 1048576K
}

Dll operation events (11 events):
Event: 0.012 Loaded shared library C:\Program Files\Java\jdk-23\bin\java.dll
Event: 0.045 Loaded shared library C:\Program Files\Java\jdk-23\bin\jsvml.dll
Event: 0.082 Loaded shared library C:\Program Files\Java\jdk-23\bin\net.dll
Event: 0.084 Loaded shared library C:\Program Files\Java\jdk-23\bin\nio.dll
Event: 0.123 Loaded shared library C:\Program Files\Java\jdk-23\bin\jimage.dll
Event: 0.139 Loaded shared library C:\Program Files\Java\jdk-23\bin\awt.dll
Event: 0.281 Loaded shared library C:\Program Files\Java\jdk-23\bin\freetype.dll
Event: 0.282 Loaded shared library C:\Program Files\Java\jdk-23\bin\fontmanager.dll
Event: 0.452 Loaded shared library C:\Program Files\Java\jdk-23\bin\zip.dll
Event: 0.502 Loaded shared library C:\Program Files\Java\jdk-23\bin\javajpeg.dll
Event: 18.422 Loaded shared library C:\Program Files\Java\jdk-23\bin\verify.dll

Deoptimization events (20 events):
Event: 53.419 Thread 0x000001d0a0e8b770 DEOPT PACKING pc=0x000001d08ca6548f sp=0x0000007b697fcfd0
Event: 53.419 Thread 0x000001d0a0e8b770 DEOPT UNPACKING pc=0x000001d093b64b22 sp=0x0000007b697fc448 mode 0
Event: 53.419 Thread 0x000001d0a0e8b770 DEOPT PACKING pc=0x000001d08ca6548f sp=0x0000007b697fcfd0
Event: 53.419 Thread 0x000001d0a0e8b770 DEOPT UNPACKING pc=0x000001d093b64b22 sp=0x0000007b697fc448 mode 0
Event: 53.862 Thread 0x000001d0a0e8b770 DEOPT PACKING pc=0x000001d08ca6548f sp=0x0000007b697fd180
Event: 53.862 Thread 0x000001d0a0e8b770 DEOPT UNPACKING pc=0x000001d093b64b22 sp=0x0000007b697fc5f8 mode 0
Event: 53.881 Thread 0x000001d0a0e8b770 DEOPT PACKING pc=0x000001d08ca6548f sp=0x0000007b697fcfb0
Event: 53.881 Thread 0x000001d0a0e8b770 DEOPT UNPACKING pc=0x000001d093b64b22 sp=0x0000007b697fc428 mode 0
Event: 53.881 Thread 0x000001d0a0e8b770 DEOPT PACKING pc=0x000001d08ca6548f sp=0x0000007b697fcfb0
Event: 53.881 Thread 0x000001d0a0e8b770 DEOPT UNPACKING pc=0x000001d093b64b22 sp=0x0000007b697fc428 mode 0
Event: 54.957 Thread 0x000001d0a0e8b770 DEOPT PACKING pc=0x000001d08c7cefb0 sp=0x0000007b697fd480
Event: 54.958 Thread 0x000001d0a0e8b770 DEOPT UNPACKING pc=0x000001d093b64b22 sp=0x0000007b697fc960 mode 0
Event: 56.830 Thread 0x000001d0a0e8b770 Uncommon trap: trap_request=0xffffffe4 fr.pc=0x000001d0941cc1a8 relative=0x00000000000000a8
Event: 56.830 Thread 0x000001d0a0e8b770 Uncommon trap: reason=range_check action=make_not_entrant pc=0x000001d0941cc1a8 method=java.awt.geom.AffineTransform.getMatrix([D)V @ 6 c2
Event: 56.830 Thread 0x000001d0a0e8b770 DEOPT PACKING pc=0x000001d0941cc1a8 sp=0x0000007b697fc610
Event: 56.830 Thread 0x000001d0a0e8b770 DEOPT UNPACKING pc=0x000001d093b64402 sp=0x0000007b697fc598 mode 2
Event: 95.322 Thread 0x000001d0a0e8b770 Uncommon trap: trap_request=0xffffff6e fr.pc=0x000001d0941f0364 relative=0x00000000000002a4
Event: 95.322 Thread 0x000001d0a0e8b770 Uncommon trap: reason=loop_limit_check action=maybe_recompile pc=0x000001d0941f0364 method=javax.swing.plaf.nimbus.NimbusStyle.getNextState([Ljavax/swing/plaf/nimbus/NimbusStyle$RuntimeState;[II)Ljavax/swing/plaf/nimbus/NimbusStyle$RuntimeState; @ 94 c2
Event: 95.322 Thread 0x000001d0a0e8b770 DEOPT PACKING pc=0x000001d0941f0364 sp=0x0000007b697fd430
Event: 95.322 Thread 0x000001d0a0e8b770 DEOPT UNPACKING pc=0x000001d093b64402 sp=0x0000007b697fd388 mode 2

Classes loaded (20 events):
Event: 19.746 Loading class sun/awt/UngrabEvent
Event: 19.747 Loading class sun/awt/UngrabEvent done
Event: 19.782 Loading class java/awt/geom/Path2D$Float$CopyIterator
Event: 19.782 Loading class java/awt/geom/Path2D$Float$CopyIterator done
Event: 19.783 Loading class sun/awt/geom/Curve
Event: 19.783 Loading class sun/awt/geom/Curve done
Event: 19.791 Loading class javax/swing/event/AncestorEvent
Event: 19.792 Loading class javax/swing/event/AncestorEvent done
Event: 20.315 Loading class javax/swing/Popup$DefaultFrame
Event: 20.315 Loading class javax/swing/Popup$DefaultFrame done
Event: 20.315 Loading class javax/swing/PopupFactory$HeavyWeightPopup$1
Event: 20.315 Loading class javax/swing/PopupFactory$HeavyWeightPopup$1 done
Event: 20.316 Loading class javax/swing/plaf/basic/BasicPopupMenuUI$MouseGrabber$2
Event: 20.316 Loading class javax/swing/plaf/basic/BasicPopupMenuUI$MouseGrabber$2 done
Event: 20.327 Loading class java/awt/KeyboardFocusManager$4
Event: 20.331 Loading class java/awt/KeyboardFocusManager$4 done
Event: 53.001 Loading class java/awt/geom/QuadCurve2D
Event: 53.005 Loading class java/awt/geom/QuadCurve2D done
Event: 129.813 Loading class java/security/DomainCombiner
Event: 129.814 Loading class java/security/DomainCombiner done

Classes unloaded (0 events):
No events

Classes redefined (0 events):
No events

Internal exceptions (20 events):
Event: 0.320 Thread 0x000001d081cd83d0 Exception <a 'java/lang/ClassNotFoundException'{0x000000008b066148}: RootPane> (0x000000008b066148) 
thrown [s\open\src\hotspot\share\classfile\systemDictionary.cpp, line 313]
Event: 0.322 Thread 0x000001d081cd83d0 Exception <a 'java/lang/ClassNotFoundException'{0x000000008b068fa8}: com/sun/swing/internal/plaf/metal/resources/spi/metalProvider> (0x000000008b068fa8) 
thrown [s\open\src\hotspot\share\classfile\systemDictionary.cpp, line 313]
Event: 0.323 Thread 0x000001d081cd83d0 Exception <a 'java/lang/ClassNotFoundException'{0x000000008b06cd08}: com/sun/swing/internal/plaf/basic/resources/spi/basicProvider> (0x000000008b06cd08) 
thrown [s\open\src\hotspot\share\classfile\systemDictionary.cpp, line 313]
Event: 0.346 Thread 0x000001d0a0e8b770 Exception <a 'java/lang/ClassNotFoundException'{0x000000008af851d0}: com/sun/swing/internal/plaf/synth/resources/spi/synthProvider> (0x000000008af851d0) 
thrown [s\open\src\hotspot\share\classfile\systemDictionary.cpp, line 313]
Event: 0.361 Thread 0x000001d0a0e8b770 Exception <a 'java/lang/NoSuchMethodError'{0x000000008afc8c48}: 'int java.lang.invoke.Invokers$Holder.invokeExact_MT(java.lang.Object, java.lang.Object)'> (0x000000008afc8c48) 
thrown [s\open\src\hotspot\share\interpreter\linkResolver.cpp, line 796]
Event: 0.367 Thread 0x000001d0a0e8b770 Exception <a 'java/lang/NoSuchMethodError'{0x000000008afd3c08}: 'java.lang.Object java.lang.invoke.DirectMethodHandle$Holder.newInvokeSpecial(java.lang.Object, java.lang.Object, int)'> (0x000000008afd3c08) 
thrown [s\open\src\hotspot\share\interpreter\linkResolver.cpp, line 796]
Event: 0.369 Thread 0x000001d0a0e8b770 Exception <a 'java/lang/NoSuchMethodError'{0x000000008afe7f40}: 'java.lang.Object java.lang.invoke.DirectMethodHandle$Holder.invokeStatic(java.lang.Object, java.lang.Object, java.lang.Object, java.lang.Object, int)'> (0x000000008afe7f40) 
thrown [s\open\src\hotspot\share\interpreter\linkResolver.cpp, line 796]
Event: 0.370 Thread 0x000001d0a0e8b770 Exception <a 'java/lang/NoSuchMethodError'{0x000000008aff3938}: 'int java.lang.invoke.DirectMethodHandle$Holder.invokeSpecial(java.lang.Object, java.lang.Object, java.lang.Object)'> (0x000000008aff3938) 
thrown [s\open\src\hotspot\share\interpreter\linkResolver.cpp, line 796]
Event: 0.410 Thread 0x000001d0a0e8b770 Implicit null exception at 0x000001d0940ae920 to 0x000001d0940ae9a2
Event: 0.505 Thread 0x000001d0e7955220 Exception <a 'java/lang/NoSuchMethodError'{0x000000008ac22cf8}: 'java.lang.Object java.lang.invoke.DirectMethodHandle$Holder.newInvokeSpecial(java.lang.Object, java.lang.Object, java.lang.Object, int, int, int, int, int)'> (0x000000008ac22cf8) 
thrown [s\open\src\hotspot\share\interpreter\linkResolver.cpp, line 796]
Event: 0.526 Thread 0x000001d0a0c98290 Exception <a 'java/lang/NoSuchMethodError'{0x000000008ab7fca0}: 'void java.lang.invoke.DirectMethodHandle$Holder.invokeVirtual(java.lang.Object, java.lang.Object)'> (0x000000008ab7fca0) 
thrown [s\open\src\hotspot\share\interpreter\linkResolver.cpp, line 796]
Event: 0.555 Thread 0x000001d0a0e8b770 Exception <a 'java/lang/NoSuchMethodError'{0x000000008aa09e58}: 'void java.lang.invoke.DirectMethodHandle$Holder.invokeStaticInit(java.lang.Object)'> (0x000000008aa09e58) 
thrown [s\open\src\hotspot\share\interpreter\linkResolver.cpp, line 796]
Event: 10.539 Thread 0x000001d0a0e8b770 Exception <a 'java/lang/NoSuchMethodError'{0x000000008a2a2ed8}: 'void java.lang.invoke.DirectMethodHandle$Holder.invokeStatic(java.lang.Object, java.lang.Object)'> (0x000000008a2a2ed8) 
thrown [s\open\src\hotspot\share\interpreter\linkResolver.cpp, line 796]
Event: 10.565 Thread 0x000001d0a0e8b770 Exception <a 'java/lang/NoSuchMethodError'{0x000000008a2b6998}: 'int java.lang.invoke.DirectMethodHandle$Holder.invokeStatic(java.lang.Object)'> (0x000000008a2b6998) 
thrown [s\open\src\hotspot\share\interpreter\linkResolver.cpp, line 796]
Event: 10.572 Thread 0x000001d0a0e8b770 Implicit null exception at 0x000001d094112bd4 to 0x000001d0941130da
Event: 10.572 Thread 0x000001d0a0e8b770 Implicit null exception at 0x000001d09410c168 to 0x000001d09410c854
Event: 10.572 Thread 0x000001d0a0e8b770 Implicit null exception at 0x000001d094112bd4 to 0x000001d0941130da
Event: 10.572 Thread 0x000001d0a0e8b770 Implicit null exception at 0x000001d09410c168 to 0x000001d09410c854
Event: 10.572 Thread 0x000001d0a0e8b770 Implicit null exception at 0x000001d094112bd4 to 0x000001d0941130da
Event: 18.624 Thread 0x000001d0a0e8b770 Implicit null exception at 0x000001d09417b859 to 0x000001d09417bbcc

VM Operations (20 events):
Event: 1723.622 Executing VM operation: HandshakeAllThreads (HandshakeForDeflation)
Event: 1723.622 Executing VM operation: HandshakeAllThreads (HandshakeForDeflation) done
Event: 1723.623 Executing VM operation: RendezvousGCThreads
Event: 1723.623 Executing VM operation: RendezvousGCThreads done
Event: 1783.764 Executing VM operation: HandshakeAllThreads (HandshakeForDeflation)
Event: 1783.765 Executing VM operation: HandshakeAllThreads (HandshakeForDeflation) done
Event: 1783.765 Executing VM operation: RendezvousGCThreads
Event: 1783.765 Executing VM operation: RendezvousGCThreads done
Event: 1889.330 Executing VM operation: HandshakeAllThreads (HandshakeForDeflation)
Event: 1889.330 Executing VM operation: HandshakeAllThreads (HandshakeForDeflation) done
Event: 1889.330 Executing VM operation: RendezvousGCThreads
Event: 1889.330 Executing VM operation: RendezvousGCThreads done
Event: 1950.194 Executing VM operation: HandshakeAllThreads (HandshakeForDeflation)
Event: 1950.194 Executing VM operation: HandshakeAllThreads (HandshakeForDeflation) done
Event: 1950.194 Executing VM operation: RendezvousGCThreads
Event: 1950.194 Executing VM operation: RendezvousGCThreads done
Event: 2070.374 Executing VM operation: HandshakeAllThreads (HandshakeForDeflation)
Event: 2070.374 Executing VM operation: HandshakeAllThreads (HandshakeForDeflation) done
Event: 2070.374 Executing VM operation: RendezvousGCThreads
Event: 2070.374 Executing VM operation: RendezvousGCThreads done

Memory protections (0 events):
No events

Nmethod flushes (0 events):
No events

Events (20 events):
Event: 0.042 Thread 0x000001d081cd83d0 Thread added: 0x000001d0a0310ee0
Event: 0.042 Thread 0x000001d081cd83d0 Thread added: 0x000001d0a031d1a0
Event: 0.042 Thread 0x000001d081cd83d0 Thread added: 0x000001d0a031dc50
Event: 0.068 Thread 0x000001d081cd83d0 Thread added: 0x000001d0a0b9aa80
Event: 0.104 Thread 0x000001d081cd83d0 Thread added: 0x000001d0a0c4ff20
Event: 0.212 Thread 0x000001d081cd83d0 Thread added: 0x000001d0a0c95c60
Event: 0.213 Thread 0x000001d081cd83d0 Thread added: 0x000001d0a0c967d0
Event: 0.214 Thread 0x000001d081cd83d0 Thread added: 0x000001d0a0c98290
Event: 0.334 Thread 0x000001d081cd83d0 Thread added: 0x000001d0a0e8b770
Event: 0.334 Thread 0x000001d081cd83d0 Thread exited: 0x000001d081cd83d0
Event: 0.335 Thread 0x000001d081cd83d0 Thread added: 0x000001d081cd83d0
Event: 0.433 Thread 0x000001d0a0e8b770 Thread added: 0x000001d0e7955220
Event: 0.908 Thread 0x000001d0a0e8b770 Thread added: 0x000001d0e7af0840
Event: 5.534 Thread 0x000001d0e7955220 Thread exited: 0x000001d0e7955220
Event: 18.455 Thread 0x000001d0a031dc50 Thread added: 0x000001d0e77a9470
Event: 18.583 Thread 0x000001d0a0e8b770 Thread added: 0x000001d0e8390370
Event: 19.663 Thread 0x000001d0e77a9470 Thread exited: 0x000001d0e77a9470
Event: 19.795 Thread 0x000001d0a031dc50 Thread added: 0x000001d0e8b7bf50
Event: 20.310 Thread 0x000001d0e8b7bf50 Thread exited: 0x000001d0e8b7bf50
Event: 23.596 Thread 0x000001d0e8390370 Thread exited: 0x000001d0e8390370


Dynamic libraries:
0x00007ff709a90000 - 0x00007ff709aa0000 	C:\Program Files\Java\jdk-23\bin\java.exe
0x00007ffca34b0000 - 0x00007ffca36a8000 	C:\WINDOWS\SYSTEM32\ntdll.dll
0x00007ffca2ac0000 - 0x00007ffca2b82000 	C:\WINDOWS\System32\KERNEL32.DLL
0x00007ffca1020000 - 0x00007ffca131e000 	C:\WINDOWS\System32\KERNELBASE.dll
0x00007ffca0b50000 - 0x00007ffca0c50000 	C:\WINDOWS\System32\ucrtbase.dll
0x00007ffc98c80000 - 0x00007ffc98c9b000 	C:\Program Files\Java\jdk-23\bin\VCRUNTIME140.dll
0x00007ffc9d0d0000 - 0x00007ffc9d0e7000 	C:\Program Files\Java\jdk-23\bin\jli.dll
0x00007ffca2280000 - 0x00007ffca241d000 	C:\WINDOWS\System32\USER32.dll
0x00007ffca0ff0000 - 0x00007ffca1012000 	C:\WINDOWS\System32\win32u.dll
0x00007ffca2b90000 - 0x00007ffca2bbb000 	C:\WINDOWS\System32\GDI32.dll
0x00007ffca0cc0000 - 0x00007ffca0dd7000 	C:\WINDOWS\System32\gdi32full.dll
0x00007ffc8b9c0000 - 0x00007ffc8bc5a000 	C:\WINDOWS\WinSxS\amd64_microsoft.windows.common-controls_6595b64144ccf1df_6.0.19041.4355_none_60b8b9eb71f62e16\COMCTL32.dll
0x00007ffca0e90000 - 0x00007ffca0f2d000 	C:\WINDOWS\System32\msvcp_win.dll
0x00007ffca3070000 - 0x00007ffca310e000 	C:\WINDOWS\System32\msvcrt.dll
0x00007ffca1fd0000 - 0x00007ffca1fff000 	C:\WINDOWS\System32\IMM32.DLL
0x0000000053450000 - 0x000000005345c000 	C:\Program Files (x86)\360\Total Security\safemon\SafeWrapper.dll
0x00007ffca2c50000 - 0x00007ffca2d02000 	C:\WINDOWS\System32\ADVAPI32.dll
0x00007ffca1d20000 - 0x00007ffca1dc0000 	C:\WINDOWS\System32\sechost.dll
0x00007ffca2150000 - 0x00007ffca2273000 	C:\WINDOWS\System32\RPCRT4.dll
0x00007ffca0fc0000 - 0x00007ffca0fe7000 	C:\WINDOWS\System32\bcrypt.dll
0x00007ffc990d0000 - 0x00007ffc9917c000 	C:\Program Files (x86)\360\Total Security\safemon\libzdtp64.dll
0x00007ffca14d0000 - 0x00007ffca1c3f000 	C:\WINDOWS\System32\SHELL32.dll
0x00007ffca2f60000 - 0x00007ffca2fb5000 	C:\WINDOWS\System32\SHLWAPI.dll
0x00007ffca06b0000 - 0x00007ffca06ba000 	C:\WINDOWS\SYSTEM32\VERSION.dll
0x00007ffc9d0b0000 - 0x00007ffc9d0bc000 	C:\Program Files\Java\jdk-23\bin\vcruntime140_1.dll
0x00007ffc57270000 - 0x00007ffc572fe000 	C:\Program Files\Java\jdk-23\bin\msvcp140.dll
0x00007ffc526a0000 - 0x00007ffc533ef000 	C:\Program Files\Java\jdk-23\bin\server\jvm.dll
0x00007ffca20e0000 - 0x00007ffca214b000 	C:\WINDOWS\System32\WS2_32.dll
0x00007ffca0560000 - 0x00007ffca05ab000 	C:\WINDOWS\SYSTEM32\POWRPROF.dll
0x00007ffc8bc60000 - 0x00007ffc8bc87000 	C:\WINDOWS\SYSTEM32\WINMM.dll
0x00007ffca04d0000 - 0x00007ffca04e2000 	C:\WINDOWS\SYSTEM32\UMPDC.dll
0x00007ffc9f300000 - 0x00007ffc9f312000 	C:\WINDOWS\SYSTEM32\kernel.appcore.dll
0x00007ffc98c70000 - 0x00007ffc98c7a000 	C:\Program Files\Java\jdk-23\bin\jimage.dll
0x00007ffc9f030000 - 0x00007ffc9f214000 	C:\WINDOWS\SYSTEM32\DBGHELP.DLL
0x00007ffc76f30000 - 0x00007ffc76f64000 	C:\WINDOWS\SYSTEM32\dbgcore.DLL
0x00007ffca0f30000 - 0x00007ffca0fb2000 	C:\WINDOWS\System32\bcryptPrimitives.dll
0x00007ffc57a80000 - 0x00007ffc57a9e000 	C:\Program Files\Java\jdk-23\bin\java.dll
0x00007ffca2d10000 - 0x00007ffca2e3b000 	C:\WINDOWS\System32\ole32.dll
0x00007ffca3110000 - 0x00007ffca3463000 	C:\WINDOWS\System32\combase.dll
0x00007ffc9e7b0000 - 0x00007ffc9ef54000 	C:\WINDOWS\SYSTEM32\windows.storage.dll
0x00007ffca04a0000 - 0x00007ffca04ce000 	C:\WINDOWS\SYSTEM32\Wldp.dll
0x00007ffca1e70000 - 0x00007ffca1f3d000 	C:\WINDOWS\System32\OLEAUT32.dll
0x00007ffca2fc0000 - 0x00007ffca306d000 	C:\WINDOWS\System32\SHCORE.dll
0x00007ffca0a80000 - 0x00007ffca0aa4000 	C:\WINDOWS\SYSTEM32\profapi.dll
0x00007ffc579a0000 - 0x00007ffc57a77000 	C:\Program Files\Java\jdk-23\bin\jsvml.dll
0x00007ffc60540000 - 0x00007ffc60550000 	C:\Program Files\Java\jdk-23\bin\net.dll
0x00007ffca0200000 - 0x00007ffca026a000 	C:\WINDOWS\system32\mswsock.dll
0x00007ffc577d0000 - 0x00007ffc577e6000 	C:\Program Files\Java\jdk-23\bin\nio.dll
0x00007ffc57300000 - 0x00007ffc5748e000 	C:\Program Files\Java\jdk-23\bin\awt.dll
0x00007ffc9d590000 - 0x00007ffc9d624000 	C:\WINDOWS\SYSTEM32\apphelp.dll
0x00007ffc9e040000 - 0x00007ffc9e0de000 	C:\WINDOWS\system32\uxtheme.dll
0x00007ffca2e40000 - 0x00007ffca2f55000 	C:\WINDOWS\System32\MSCTF.dll
0x00007ffc9e1b0000 - 0x00007ffc9e1df000 	C:\WINDOWS\system32\DWMAPI.DLL
0x00007ffc571e0000 - 0x00007ffc57267000 	C:\Program Files\Java\jdk-23\bin\freetype.dll
0x00007ffc57100000 - 0x00007ffc571d7000 	C:\Program Files\Java\jdk-23\bin\fontmanager.dll
0x00007ffc833c0000 - 0x00007ffc834e8000 	C:\WINDOWS\system32\opengl32.dll
0x00007ffc8a380000 - 0x00007ffc8a3ac000 	C:\WINDOWS\SYSTEM32\GLU32.dll
0x00007ffc577b0000 - 0x00007ffc577c7000 	C:\Program Files\Java\jdk-23\bin\zip.dll
0x00007ffc990a0000 - 0x00007ffc990ce000 	C:\Program Files\Java\jdk-23\bin\javajpeg.dll
0x00007ffca1dc0000 - 0x00007ffca1e69000 	C:\WINDOWS\System32\clbcatq.dll
0x00007ffc9de80000 - 0x00007ffc9e036000 	C:\WINDOWS\SYSTEM32\WindowsCodecs.dll
0x00007ffc83920000 - 0x00007ffc8395e000 	C:\WINDOWS\system32\dataexchange.dll
0x00007ffc9c4a0000 - 0x00007ffc9c684000 	C:\WINDOWS\system32\dcomp.dll
0x00007ffc9bc40000 - 0x00007ffc9bea3000 	C:\WINDOWS\system32\d3d11.dll
0x00007ffc9f370000 - 0x00007ffc9f466000 	C:\WINDOWS\system32\dxgi.dll
0x00007ffc9adb0000 - 0x00007ffc9afb3000 	C:\WINDOWS\system32\twinapi.appcore.dll
0x00007ffc92c00000 - 0x00007ffc92cf9000 	C:\WINDOWS\SYSTEM32\textinputframework.dll
0x00007ffc9cfb0000 - 0x00007ffc9d0a2000 	C:\WINDOWS\System32\CoreMessaging.dll
0x00007ffc9c690000 - 0x00007ffc9c9eb000 	C:\WINDOWS\System32\CoreUIComponents.dll
0x00007ffc9fd70000 - 0x00007ffc9fda3000 	C:\WINDOWS\SYSTEM32\ntmarta.dll
0x00007ffc9b450000 - 0x00007ffc9b5a7000 	C:\WINDOWS\SYSTEM32\wintypes.dll
0x00007ffc89940000 - 0x00007ffc899a6000 	C:\WINDOWS\system32\Oleacc.dll
0x00007ffc89dd0000 - 0x00007ffc8a0c5000 	C:\Windows\System32\uiautomationcore.dll
0x00007ffc9dc40000 - 0x00007ffc9dd36000 	C:\Windows\System32\PROPSYS.dll
0x00007ffca0410000 - 0x00007ffca041c000 	C:\WINDOWS\SYSTEM32\CRYPTBASE.DLL
0x00007ffc99aa0000 - 0x00007ffc99b0a000 	C:\WINDOWS\system32\Ninput.dll
0x00007ffca1320000 - 0x00007ffca136e000 	C:\WINDOWS\System32\CFGMGR32.dll
0x00007ffc771b0000 - 0x00007ffc771d4000 	C:\WINDOWS\SYSTEM32\edputil.dll
0x00007ffc78150000 - 0x00007ffc78296000 	C:\Windows\System32\Windows.StateRepositoryPS.dll
0x00007ffc92350000 - 0x00007ffc9253c000 	C:\WINDOWS\SYSTEM32\urlmon.dll
0x00007ffc92790000 - 0x00007ffc92a4e000 	C:\WINDOWS\SYSTEM32\iertutil.dll
0x00007ffc92760000 - 0x00007ffc92788000 	C:\WINDOWS\SYSTEM32\srvcli.dll
0x00007ffc9ff20000 - 0x00007ffc9ff2c000 	C:\WINDOWS\SYSTEM32\netutils.dll
0x00007ffca0a00000 - 0x00007ffca0a32000 	C:\WINDOWS\SYSTEM32\SspiCli.dll
0x00007ffc88470000 - 0x00007ffc88483000 	C:\WINDOWS\SYSTEM32\virtdisk.dll
0x00007ffca06a0000 - 0x00007ffca06ab000 	C:\WINDOWS\SYSTEM32\FLTLIB.DLL
0x00007ffc83bb0000 - 0x00007ffc83c44000 	C:\Windows\System32\appresolver.dll
0x00007ffc9f5f0000 - 0x00007ffc9f619000 	C:\Windows\System32\SLC.dll
0x00007ffc96ce0000 - 0x00007ffc96d3b000 	C:\Windows\System32\Bcp47Langs.dll
0x00007ffca0a40000 - 0x00007ffca0a6e000 	C:\Windows\System32\USERENV.dll
0x00007ffc9f5c0000 - 0x00007ffc9f5e5000 	C:\Windows\System32\sppc.dll
0x00007ffc8a4a0000 - 0x00007ffc8a51f000 	C:\Windows\System32\OneCoreCommonProxyStub.dll
0x00007ffc97ac0000 - 0x00007ffc98294000 	C:\Windows\System32\OneCoreUAPCommonProxyStub.dll
0x00007ffc75c80000 - 0x00007ffc75c9d000 	C:\WINDOWS\SYSTEM32\MPR.dll
0x00007ffc9a380000 - 0x00007ffc9a3a0000 	C:\WINDOWS\SYSTEM32\pcacli.dll
0x00007ffc70800000 - 0x00007ffc70812000 	C:\WINDOWS\System32\sfc_os.dll
0x00007ffca2420000 - 0x00007ffca288e000 	C:\WINDOWS\System32\SETUPAPI.dll
0x00007ffc57b90000 - 0x00007ffc57ba0000 	C:\Program Files\Java\jdk-23\bin\verify.dll

dbghelp: loaded successfully - version: 4.0.5 - missing functions: none
symbol engine: initialized successfully - sym options: 0x614 - pdb path: .;C:\Program Files\Java\jdk-23\bin;C:\WINDOWS\SYSTEM32;C:\WINDOWS\WinSxS\amd64_microsoft.windows.common-controls_6595b64144ccf1df_6.0.19041.4355_none_60b8b9eb71f62e16;C:\Program Files (x86)\360\Total Security\safemon;C:\Program Files\Java\jdk-23\bin\server

VM Arguments:
jvm_args: -Dfile.encoding=UTF-8 --enable-preview --module-path=C:\Users\alexis\Documents\NetBeansProjects\DARS\build\classes 
java_command: IntroUI
java_class_path (initial): C:\Users\alexis\Downloads\jcalendar-1.4\lib\jcalendar-1.4.jar;C:\Users\alexis\Documents\NetBeansProjects\DARS\build\classes
Launcher Type: SUN_STANDARD

[Global flags]
     intx CICompilerCount                          = 4                                         {product} {ergonomic}
     uint ConcGCThreads                            = 2                                         {product} {ergonomic}
     uint G1ConcRefinementThreads                  = 8                                         {product} {ergonomic}
   size_t G1HeapRegionSize                         = 1048576                                   {product} {ergonomic}
   size_t InitialHeapSize                          = 132120576                                 {product} {ergonomic}
   size_t MarkStackSize                            = 4194304                                   {product} {ergonomic}
   size_t MarkStackSizeMax                         = 536870912                                 {product} {ergonomic}
   size_t MaxHeapSize                              = 2088763392                                {product} {ergonomic}
   size_t MaxNewSize                               = 1253048320                                {product} {ergonomic}
   size_t MinHeapDeltaBytes                        = 1048576                                   {product} {ergonomic}
   size_t MinHeapSize                              = 8388608                                   {product} {ergonomic}
    uintx NonNMethodCodeHeapSize                   = 5832704                                {pd product} {ergonomic}
    uintx NonProfiledCodeHeapSize                  = 122945536                              {pd product} {ergonomic}
    uintx ProfiledCodeHeapSize                     = 122880000                              {pd product} {ergonomic}
    uintx ReservedCodeCacheSize                    = 251658240                              {pd product} {ergonomic}
     bool SegmentedCodeCache                       = true                                      {product} {ergonomic}
   size_t SoftMaxHeapSize                          = 2088763392                             {manageable} {ergonomic}
     bool UseCompressedOops                        = true                           {product lp64_product} {ergonomic}
     bool UseG1GC                                  = true                                      {product} {ergonomic}
     bool UseLargePagesIndividualAllocation        = false                                  {pd product} {ergonomic}

Logging:
Log output configuration:
 #0: stdout all=warning uptime,level,tags foldmultilines=false
 #1: stderr all=off uptime,level,tags foldmultilines=false

Environment Variables:
JAVA_HOME=C:\Program Files\Java\jdk-23
PATH=C:\Program Files\Common Files\Oracle\Java\javapath;C:\Program Files (x86)\Intel\Intel(R) Management Engine Components\iCLS\;C:\Program Files\Intel\Intel(R) Management Engine Components\iCLS\;C:\WINDOWS\system32;C:\WINDOWS;C:\WINDOWS\System32\Wbem;C:\WINDOWS\System32\WindowsPowerShell\v1.0\;C:\WINDOWS\System32\OpenSSH\;C:\Program Files (x86)\Intel\Intel(R) Management Engine Components\DAL;C:\Program Files\Intel\Intel(R) Management Engine Components\DAL;C:\Program Files\Intel\WiFi\bin\;C:\Program Files\Common Files\Intel\WirelessCommon\;C:\Program Files\Java\jdk-23\bin;C:\Users\alexis\AppData\Local\Microsoft\WindowsApps;
USERNAME=alexis
OS=Windows_NT
PROCESSOR_IDENTIFIER=Intel64 Family 6 Model 142 Stepping 11, GenuineIntel
TMP=C:\Users\alexis\AppData\Local\Temp
TEMP=C:\Users\alexis\AppData\Local\Temp




Periodic native trim disabled

---------------  S Y S T E M  ---------------

OS:
 Windows 10 , 64 bit Build 19041 (10.0.19041.4957)
OS uptime: 0 days 4:51 hours

CPU: total 8 (initial active 8) (4 cores per cpu, 2 threads per core) family 6 model 142 stepping 11 microcode 0xae, cx8, cmov, fxsr, ht, mmx, 3dnowpref, sse, sse2, sse3, ssse3, sse4.1, sse4.2, popcnt, lzcnt, tsc, tscinvbit, avx, avx2, aes, erms, clmul, bmi1, bmi2, adx, fma, vzeroupper, clflush, clflushopt, rdtscp, f16c
Processor Information for processor 0
  Max Mhz: 1800, Current Mhz: 1400, Mhz Limit: 1584
Processor Information for processor 1
  Max Mhz: 1800, Current Mhz: 1600, Mhz Limit: 1584
Processor Information for processor 2
  Max Mhz: 1800, Current Mhz: 1400, Mhz Limit: 1584
Processor Information for processor 3
  Max Mhz: 1800, Current Mhz: 1400, Mhz Limit: 1584
Processor Information for processor 4
  Max Mhz: 1800, Current Mhz: 1400, Mhz Limit: 1584
Processor Information for processor 5
  Max Mhz: 1800, Current Mhz: 1400, Mhz Limit: 1584
Processor Information for processor 6
  Max Mhz: 1800, Current Mhz: 1400, Mhz Limit: 1584
Processor Information for processor 7
  Max Mhz: 1800, Current Mhz: 1600, Mhz Limit: 1584

Memory: 4k page, system-wide physical 7967M (1417M free)
TotalPageFile size 32543M (AvailPageFile size 0M)
current process WorkingSet (physical memory assigned to process): 25M, peak: 142M
current process commit charge ("private bytes"): 242M, peak: 258M

vm_info: Java HotSpot(TM) 64-Bit Server VM (23.0.1+11-39) for windows-amd64 JRE (23.0.1+11-39), built on 2024-09-30T07:20:43Z with MS VC++ 17.6 (VS2022)

END.
